<?xml version="1.0" encoding="utf-8"?>
<test-run id="2" name="nunitlite.tests.exe" fullname="C:/Projects/GitHub/nunit/bin/Debug/net-4.5/nunitlite.tests.exe" testcasecount="198" result="Failed" start-time="2016-05-25 12:38:21Z" end-time="2016-05-25 12:38:21Z" duration="0.118307" total="198" passed="195" failed="2" inconclusive="0" skipped="1" asserts="539" random-seed="774228254">
  <command-line><![CDATA["C:\Projects\GitHub\nunit\bin\Debug\net-4.5\nunitlite.tests.exe" ]]></command-line>
  <filter />
  <test-suite type="Assembly" id="1224" name="nunitlite.tests.exe" fullname="C:/Projects/GitHub/nunit/bin/Debug/net-4.5/nunitlite.tests.exe" runstate="Runnable" testcasecount="198" result="Failed" site="Child" start-time="2016-05-25 12:38:21Z" end-time="2016-05-25 12:38:21Z" duration="0.118307" total="198" passed="195" failed="2" inconclusive="0" skipped="1" asserts="539">
    <environment framework-version="3.3.0.0" clr-version="4.0.30319.42000" os-version="Microsoft Windows NT 6.2.9200.0" platform="Win32NT" cwd="C:\Projects\GitHub\nunit\bin\Debug\net-4.5" machine-name="UNIT-728" user="Nikolay.Pianikov" user-domain="LABS" culture="ru-RU" uiculture="en-US" os-architecture="x64" />
    <settings>
      <setting name="WorkDirectory" value="C:\Projects\GitHub\nunit\bin\Debug\net-4.5" />
      <setting name="NumberOfTestWorkers" value="8" />
    </settings>
    <properties>
      <property name="ParallelScope" value="Fixtures" />
      <property name="_PID" value="25828" />
      <property name="_APPDOMAIN" value="nunitlite.tests.exe" />
    </properties>
    <failure>
      <message><![CDATA[One or more child tests had errors]]></message>
    </failure>
    <test-suite type="TestSuite" id="1227" name="NUnit" fullname="NUnit" runstate="Runnable" testcasecount="76" result="Passed" start-time="2016-05-25 12:38:21Z" end-time="2016-05-25 12:38:21Z" duration="0.077584" total="76" passed="76" failed="0" inconclusive="0" skipped="0" asserts="178">
      <test-suite type="TestSuite" id="1230" name="ConsoleRunner" fullname="NUnit.ConsoleRunner" runstate="Runnable" testcasecount="2" result="Passed" start-time="2016-05-25 12:38:21Z" end-time="2016-05-25 12:38:21Z" duration="0.016395" total="2" passed="2" failed="0" inconclusive="0" skipped="0" asserts="2">
        <test-suite type="TestSuite" id="1231" name="Tests" fullname="NUnit.ConsoleRunner.Tests" runstate="Runnable" testcasecount="2" result="Passed" start-time="2016-05-25 12:38:21Z" end-time="2016-05-25 12:38:21Z" duration="0.016368" total="2" passed="2" failed="0" inconclusive="0" skipped="0" asserts="2">
          <test-suite type="TestFixture" id="1221" name="DefaultOptionsProviderTests" fullname="NUnit.ConsoleRunner.Tests.DefaultOptionsProviderTests" classname="NUnit.ConsoleRunner.Tests.DefaultOptionsProviderTests" runstate="Runnable" testcasecount="2" result="Passed" start-time="2016-05-25 12:38:21Z" end-time="2016-05-25 12:38:21Z" duration="0.015120" total="2" passed="2" failed="0" inconclusive="0" skipped="0" asserts="2">
            <test-case id="1223" name="ShouldRetTeamCityAsFalseWhenHasNotEnvironmentVariable_TEAMCITY_PROJECT_NAME" fullname="NUnit.ConsoleRunner.Tests.DefaultOptionsProviderTests.ShouldRetTeamCityAsFalseWhenHasNotEnvironmentVariable_TEAMCITY_PROJECT_NAME" methodname="ShouldRetTeamCityAsFalseWhenHasNotEnvironmentVariable_TEAMCITY_PROJECT_NAME" classname="NUnit.ConsoleRunner.Tests.DefaultOptionsProviderTests" runstate="Runnable" seed="1607364659" result="Passed" start-time="2016-05-25 12:38:21Z" end-time="2016-05-25 12:38:21Z" duration="0.007809" asserts="1" />
            <test-case id="1222" name="ShouldRetTeamCityAsTrueWhenHasEnvironmentVariable_TEAMCITY_PROJECT_NAME" fullname="NUnit.ConsoleRunner.Tests.DefaultOptionsProviderTests.ShouldRetTeamCityAsTrueWhenHasEnvironmentVariable_TEAMCITY_PROJECT_NAME" methodname="ShouldRetTeamCityAsTrueWhenHasEnvironmentVariable_TEAMCITY_PROJECT_NAME" classname="NUnit.ConsoleRunner.Tests.DefaultOptionsProviderTests" runstate="Runnable" seed="2039019338" result="Passed" start-time="2016-05-25 12:38:21Z" end-time="2016-05-25 12:38:21Z" duration="0.000218" asserts="1" />
          </test-suite>
        </test-suite>
      </test-suite>
      <test-suite type="TestSuite" id="1228" name="Common" fullname="NUnit.Common" runstate="Runnable" testcasecount="74" result="Passed" start-time="2016-05-25 12:38:21Z" end-time="2016-05-25 12:38:21Z" duration="0.077482" total="74" passed="74" failed="0" inconclusive="0" skipped="0" asserts="176">
        <test-suite type="TestSuite" id="1229" name="Tests" fullname="NUnit.Common.Tests" runstate="Runnable" testcasecount="74" result="Passed" start-time="2016-05-25 12:38:21Z" end-time="2016-05-25 12:38:21Z" duration="0.077473" total="74" passed="74" failed="0" inconclusive="0" skipped="0" asserts="176">
          <test-suite type="TestFixture" id="1138" name="ExtendedTextWrapperTests" fullname="NUnit.Common.Tests.ExtendedTextWrapperTests" classname="NUnit.Common.Tests.ExtendedTextWrapperTests" runstate="Runnable" testcasecount="8" result="Passed" start-time="2016-05-25 12:38:21Z" end-time="2016-05-25 12:38:21Z" duration="0.020897" total="8" passed="8" failed="0" inconclusive="0" skipped="0" asserts="8">
            <test-case id="1139" name="Write" fullname="NUnit.Common.Tests.ExtendedTextWrapperTests.Write" methodname="Write" classname="NUnit.Common.Tests.ExtendedTextWrapperTests" runstate="Runnable" seed="344956264" result="Passed" start-time="2016-05-25 12:38:21Z" end-time="2016-05-25 12:38:21Z" duration="0.012032" asserts="1" />
            <test-case id="1140" name="Write_ColorStyle" fullname="NUnit.Common.Tests.ExtendedTextWrapperTests.Write_ColorStyle" methodname="Write_ColorStyle" classname="NUnit.Common.Tests.ExtendedTextWrapperTests" runstate="Runnable" seed="1784743807" result="Passed" start-time="2016-05-25 12:38:21Z" end-time="2016-05-25 12:38:21Z" duration="0.000364" asserts="1" />
            <test-case id="1143" name="WriteLabel" fullname="NUnit.Common.Tests.ExtendedTextWrapperTests.WriteLabel" methodname="WriteLabel" classname="NUnit.Common.Tests.ExtendedTextWrapperTests" runstate="Runnable" seed="1921123926" result="Passed" start-time="2016-05-25 12:38:21Z" end-time="2016-05-25 12:38:21Z" duration="0.000391" asserts="1" />
            <test-case id="1144" name="WriteLabel_ColorStyle" fullname="NUnit.Common.Tests.ExtendedTextWrapperTests.WriteLabel_ColorStyle" methodname="WriteLabel_ColorStyle" classname="NUnit.Common.Tests.ExtendedTextWrapperTests" runstate="Runnable" seed="1151459314" result="Passed" start-time="2016-05-25 12:38:21Z" end-time="2016-05-25 12:38:21Z" duration="0.001311" asserts="1" />
            <test-case id="1145" name="WriteLabelLine" fullname="NUnit.Common.Tests.ExtendedTextWrapperTests.WriteLabelLine" methodname="WriteLabelLine" classname="NUnit.Common.Tests.ExtendedTextWrapperTests" runstate="Runnable" seed="491056800" result="Passed" start-time="2016-05-25 12:38:21Z" end-time="2016-05-25 12:38:21Z" duration="0.000442" asserts="1" />
            <test-case id="1146" name="WriteLabelLine_ColorStyle" fullname="NUnit.Common.Tests.ExtendedTextWrapperTests.WriteLabelLine_ColorStyle" methodname="WriteLabelLine_ColorStyle" classname="NUnit.Common.Tests.ExtendedTextWrapperTests" runstate="Runnable" seed="780076908" result="Passed" start-time="2016-05-25 12:38:21Z" end-time="2016-05-25 12:38:21Z" duration="0.000396" asserts="1" />
            <test-case id="1141" name="WriteLine" fullname="NUnit.Common.Tests.ExtendedTextWrapperTests.WriteLine" methodname="WriteLine" classname="NUnit.Common.Tests.ExtendedTextWrapperTests" runstate="Runnable" seed="1335714624" result="Passed" start-time="2016-05-25 12:38:21Z" end-time="2016-05-25 12:38:21Z" duration="0.000277" asserts="1" />
            <test-case id="1142" name="WriteLine_ColorStyle" fullname="NUnit.Common.Tests.ExtendedTextWrapperTests.WriteLine_ColorStyle" methodname="WriteLine_ColorStyle" classname="NUnit.Common.Tests.ExtendedTextWrapperTests" runstate="Runnable" seed="1790540069" result="Passed" start-time="2016-05-25 12:38:21Z" end-time="2016-05-25 12:38:21Z" duration="0.000354" asserts="1" />
          </test-suite>
          <test-suite type="TestFixture" id="1159" name="TestNameParserTests" fullname="NUnit.Common.Tests.TestNameParserTests" classname="NUnit.Common.Tests.TestNameParserTests" runstate="Runnable" testcasecount="13" result="Passed" start-time="2016-05-25 12:38:21Z" end-time="2016-05-25 12:38:21Z" duration="0.021608" total="13" passed="13" failed="0" inconclusive="0" skipped="0" asserts="30">
            <test-suite type="ParameterizedMethod" id="1169" name="SingleName" fullname="NUnit.Common.Tests.TestNameParserTests.SingleName" classname="NUnit.Common.Tests.TestNameParserTests" runstate="Runnable" testcasecount="9" result="Passed" start-time="2016-05-25 12:38:21Z" end-time="2016-05-25 12:38:21Z" duration="0.017668" total="9" passed="9" failed="0" inconclusive="0" skipped="0" asserts="18">
              <test-case id="1160" name="SingleName(&quot;Test.Namespace.Fixture.Method&quot;)" fullname="NUnit.Common.Tests.TestNameParserTests.SingleName(&quot;Test.Namespace.Fixture.Method&quot;)" methodname="SingleName" classname="NUnit.Common.Tests.TestNameParserTests" runstate="Runnable" seed="1292541321" result="Passed" start-time="2016-05-25 12:38:21Z" end-time="2016-05-25 12:38:21Z" duration="0.014874" asserts="2" />
              <test-case id="1161" name="SingleName(&quot;Test.Namespace.Fixture.Method,&quot;)" fullname="NUnit.Common.Tests.TestNameParserTests.SingleName(&quot;Test.Namespace.Fixture.Method,&quot;)" methodname="SingleName" classname="NUnit.Common.Tests.TestNameParserTests" runstate="Runnable" seed="862679944" result="Passed" start-time="2016-05-25 12:38:21Z" end-time="2016-05-25 12:38:21Z" duration="0.000084" asserts="2" />
              <test-case id="1162" name="SingleName(&quot;  Test.Namespace.Fixture.Method  &quot;)" fullname="NUnit.Common.Tests.TestNameParserTests.SingleName(&quot;  Test.Namespace.Fixture.Method  &quot;)" methodname="SingleName" classname="NUnit.Common.Tests.TestNameParserTests" runstate="Runnable" seed="1432243675" result="Passed" start-time="2016-05-25 12:38:21Z" end-time="2016-05-25 12:38:21Z" duration="0.000074" asserts="2" />
              <test-case id="1163" name="SingleName(&quot;  Test.Namespace.Fixture.Method  ,&quot;)" fullname="NUnit.Common.Tests.TestNameParserTests.SingleName(&quot;  Test.Namespace.Fixture.Method  ,&quot;)" methodname="SingleName" classname="NUnit.Common.Tests.TestNameParserTests" runstate="Runnable" seed="1600688093" result="Passed" start-time="2016-05-25 12:38:21Z" end-time="2016-05-25 12:38:21Z" duration="0.000074" asserts="2" />
              <test-case id="1164" name="SingleName(&quot;Test.Namespace.Fixture.Method()&quot;)" fullname="NUnit.Common.Tests.TestNameParserTests.SingleName(&quot;Test.Namespace.Fixture.Method()&quot;)" methodname="SingleName" classname="NUnit.Common.Tests.TestNameParserTests" runstate="Runnable" seed="561996275" result="Passed" start-time="2016-05-25 12:38:21Z" end-time="2016-05-25 12:38:21Z" duration="0.000074" asserts="2" />
              <test-case id="1165" name="SingleName(&quot;Test.Namespace.Fixture.Method(\&quot;strin...&quot;)" fullname="NUnit.Common.Tests.TestNameParserTests.SingleName(&quot;Test.Namespace.Fixture.Method(\&quot;strin...&quot;)" methodname="SingleName" classname="NUnit.Common.Tests.TestNameParserTests" runstate="Runnable" seed="1208002843" result="Passed" start-time="2016-05-25 12:38:21Z" end-time="2016-05-25 12:38:21Z" duration="0.000064" asserts="2" />
              <test-case id="1166" name="SingleName(&quot;Test.Namespace.Fixture.Method(1,2,3)&quot;)" fullname="NUnit.Common.Tests.TestNameParserTests.SingleName(&quot;Test.Namespace.Fixture.Method(1,2,3)&quot;)" methodname="SingleName" classname="NUnit.Common.Tests.TestNameParserTests" runstate="Runnable" seed="1039235498" result="Passed" start-time="2016-05-25 12:38:21Z" end-time="2016-05-25 12:38:21Z" duration="0.000069" asserts="2" />
              <test-case id="1167" name="SingleName(&quot;Test.Namespace.Fixture.Method&lt;int,int&gt;()&quot;)" fullname="NUnit.Common.Tests.TestNameParserTests.SingleName(&quot;Test.Namespace.Fixture.Method&lt;int,int&gt;()&quot;)" methodname="SingleName" classname="NUnit.Common.Tests.TestNameParserTests" runstate="Runnable" seed="1010903009" result="Passed" start-time="2016-05-25 12:38:21Z" end-time="2016-05-25 12:38:21Z" duration="0.000065" asserts="2" />
              <test-case id="1168" name="SingleName(&quot;Test.Namespace.Fixture.Method(\&quot;)\&quot;)&quot;)" fullname="NUnit.Common.Tests.TestNameParserTests.SingleName(&quot;Test.Namespace.Fixture.Method(\&quot;)\&quot;)&quot;)" methodname="SingleName" classname="NUnit.Common.Tests.TestNameParserTests" runstate="Runnable" seed="1706993038" result="Passed" start-time="2016-05-25 12:38:21Z" end-time="2016-05-25 12:38:21Z" duration="0.000069" asserts="2" />
            </test-suite>
            <test-suite type="ParameterizedMethod" id="1174" name="TwoNames" fullname="NUnit.Common.Tests.TestNameParserTests.TwoNames" classname="NUnit.Common.Tests.TestNameParserTests" runstate="Runnable" testcasecount="4" result="Passed" start-time="2016-05-25 12:38:21Z" end-time="2016-05-25 12:38:21Z" duration="0.001292" total="4" passed="4" failed="0" inconclusive="0" skipped="0" asserts="12">
              <test-case id="1170" name="TwoNames(&quot;Test.Namespace.Fixture.Method1&quot;,&quot;Test.Namespace.Fixture.Method2&quot;)" fullname="NUnit.Common.Tests.TestNameParserTests.TwoNames(&quot;Test.Namespace.Fixture.Method1&quot;,&quot;Test.Namespace.Fixture.Method2&quot;)" methodname="TwoNames" classname="NUnit.Common.Tests.TestNameParserTests" runstate="Runnable" seed="1309986408" result="Passed" start-time="2016-05-25 12:38:21Z" end-time="2016-05-25 12:38:21Z" duration="0.000517" asserts="3" />
              <test-case id="1171" name="TwoNames(&quot;Test.Namespace.Fixture.Method1&quot;,&quot;Test.Namespace.Fixture.Method2,&quot;)" fullname="NUnit.Common.Tests.TestNameParserTests.TwoNames(&quot;Test.Namespace.Fixture.Method1&quot;,&quot;Test.Namespace.Fixture.Method2,&quot;)" methodname="TwoNames" classname="NUnit.Common.Tests.TestNameParserTests" runstate="Runnable" seed="1467083270" result="Passed" start-time="2016-05-25 12:38:21Z" end-time="2016-05-25 12:38:21Z" duration="0.000075" asserts="3" />
              <test-case id="1172" name="TwoNames(&quot;Test.Namespace.Fixture.Method1(1,2)&quot;,&quot;Test.Namespace.Fixture.Method2(3,4)&quot;)" fullname="NUnit.Common.Tests.TestNameParserTests.TwoNames(&quot;Test.Namespace.Fixture.Method1(1,2)&quot;,&quot;Test.Namespace.Fixture.Method2(3,4)&quot;)" methodname="TwoNames" classname="NUnit.Common.Tests.TestNameParserTests" runstate="Runnable" seed="450648720" result="Passed" start-time="2016-05-25 12:38:21Z" end-time="2016-05-25 12:38:21Z" duration="0.000059" asserts="3" />
              <test-case id="1173" name="TwoNames(&quot;Test.Namespace.Fixture.Method1(\&quot;(\&quot;)&quot;,&quot;Test.Namespace.Fixture.Method2(\&quot;&lt;\&quot;)&quot;)" fullname="NUnit.Common.Tests.TestNameParserTests.TwoNames(&quot;Test.Namespace.Fixture.Method1(\&quot;(\&quot;)&quot;,&quot;Test.Namespace.Fixture.Method2(\&quot;&lt;\&quot;)&quot;)" methodname="TwoNames" classname="NUnit.Common.Tests.TestNameParserTests" runstate="Runnable" seed="1040704372" result="Passed" start-time="2016-05-25 12:38:21Z" end-time="2016-05-25 12:38:21Z" duration="0.000250" asserts="3" />
            </test-suite>
          </test-suite>
          <test-suite type="TestFixture" id="1147" name="OutputSpecificationTests" fullname="NUnit.Common.Tests.OutputSpecificationTests" classname="NUnit.Common.Tests.OutputSpecificationTests" runstate="Runnable" testcasecount="11" result="Passed" start-time="2016-05-25 12:38:21Z" end-time="2016-05-25 12:38:21Z" duration="0.038866" total="11" passed="11" failed="0" inconclusive="0" skipped="0" asserts="21">
            <test-case id="1151" name="FileNameOnly" fullname="NUnit.Common.Tests.OutputSpecificationTests.FileNameOnly" methodname="FileNameOnly" classname="NUnit.Common.Tests.OutputSpecificationTests" runstate="Runnable" seed="1928506278" result="Passed" start-time="2016-05-25 12:38:21Z" end-time="2016-05-25 12:38:21Z" duration="0.012705" asserts="3" />
            <test-case id="1152" name="FileNamePlusFormat" fullname="NUnit.Common.Tests.OutputSpecificationTests.FileNamePlusFormat" methodname="FileNamePlusFormat" classname="NUnit.Common.Tests.OutputSpecificationTests" runstate="Runnable" seed="1833008536" result="Passed" start-time="2016-05-25 12:38:21Z" end-time="2016-05-25 12:38:21Z" duration="0.000323" asserts="3" />
            <test-case id="1153" name="FileNamePlusTransform" fullname="NUnit.Common.Tests.OutputSpecificationTests.FileNamePlusTransform" methodname="FileNamePlusTransform" classname="NUnit.Common.Tests.OutputSpecificationTests" runstate="Runnable" seed="31241287" result="Passed" start-time="2016-05-25 12:38:21Z" end-time="2016-05-25 12:38:21Z" duration="0.000436" asserts="3" />
            <test-case id="1156" name="MultipleFormatSpecifiersNotAllowed" fullname="NUnit.Common.Tests.OutputSpecificationTests.MultipleFormatSpecifiersNotAllowed" methodname="MultipleFormatSpecifiersNotAllowed" classname="NUnit.Common.Tests.OutputSpecificationTests" runstate="Runnable" seed="1475909305" result="Passed" start-time="2016-05-25 12:38:21Z" end-time="2016-05-25 12:38:21Z" duration="0.010893" asserts="1" />
            <test-case id="1157" name="MultipleTransformSpecifiersNotAllowed" fullname="NUnit.Common.Tests.OutputSpecificationTests.MultipleTransformSpecifiersNotAllowed" methodname="MultipleTransformSpecifiersNotAllowed" classname="NUnit.Common.Tests.OutputSpecificationTests" runstate="Runnable" seed="1275659923" result="Passed" start-time="2016-05-25 12:38:21Z" end-time="2016-05-25 12:38:21Z" duration="0.000634" asserts="1" />
            <test-case id="1148" name="SpecMayNotBeNull" fullname="NUnit.Common.Tests.OutputSpecificationTests.SpecMayNotBeNull" methodname="SpecMayNotBeNull" classname="NUnit.Common.Tests.OutputSpecificationTests" runstate="Runnable" seed="1334594588" result="Passed" start-time="2016-05-25 12:38:21Z" end-time="2016-05-25 12:38:21Z" duration="0.000742" asserts="1" />
            <test-case id="1149" name="SpecOptionMustContainEqualSign" fullname="NUnit.Common.Tests.OutputSpecificationTests.SpecOptionMustContainEqualSign" methodname="SpecOptionMustContainEqualSign" classname="NUnit.Common.Tests.OutputSpecificationTests" runstate="Runnable" seed="640397088" result="Passed" start-time="2016-05-25 12:38:21Z" end-time="2016-05-25 12:38:21Z" duration="0.005449" asserts="1" />
            <test-case id="1150" name="SpecOptionMustContainJustOneEqualSign" fullname="NUnit.Common.Tests.OutputSpecificationTests.SpecOptionMustContainJustOneEqualSign" methodname="SpecOptionMustContainJustOneEqualSign" classname="NUnit.Common.Tests.OutputSpecificationTests" runstate="Runnable" seed="1928481827" result="Passed" start-time="2016-05-25 12:38:21Z" end-time="2016-05-25 12:38:21Z" duration="0.000629" asserts="1" />
            <test-case id="1158" name="TransformWithNonUserFormatNotAllowed" fullname="NUnit.Common.Tests.OutputSpecificationTests.TransformWithNonUserFormatNotAllowed" methodname="TransformWithNonUserFormatNotAllowed" classname="NUnit.Common.Tests.OutputSpecificationTests" runstate="Runnable" seed="1215230392" result="Passed" start-time="2016-05-25 12:38:21Z" end-time="2016-05-25 12:38:21Z" duration="0.000518" asserts="1" />
            <test-case id="1154" name="UserFormatMayBeIndicatedExplicitlyAfterTransform" fullname="NUnit.Common.Tests.OutputSpecificationTests.UserFormatMayBeIndicatedExplicitlyAfterTransform" methodname="UserFormatMayBeIndicatedExplicitlyAfterTransform" classname="NUnit.Common.Tests.OutputSpecificationTests" runstate="Runnable" seed="1366026991" result="Passed" start-time="2016-05-25 12:38:21Z" end-time="2016-05-25 12:38:21Z" duration="0.000544" asserts="3" />
            <test-case id="1155" name="UserFormatMayBeIndicatedExplicitlyBeforeTransform" fullname="NUnit.Common.Tests.OutputSpecificationTests.UserFormatMayBeIndicatedExplicitlyBeforeTransform" methodname="UserFormatMayBeIndicatedExplicitlyBeforeTransform" classname="NUnit.Common.Tests.OutputSpecificationTests" runstate="Runnable" seed="432131975" result="Passed" start-time="2016-05-25 12:38:21Z" end-time="2016-05-25 12:38:21Z" duration="0.000341" asserts="3" />
          </test-suite>
          <test-suite type="TestFixture" id="1208" name="TokenizerTests" fullname="NUnit.Common.Tests.TokenizerTests" classname="NUnit.Common.Tests.TokenizerTests" runstate="Runnable" testcasecount="12" result="Passed" start-time="2016-05-25 12:38:21Z" end-time="2016-05-25 12:38:21Z" duration="0.042981" total="12" passed="12" failed="0" inconclusive="0" skipped="0" asserts="61">
            <test-case id="1210" name="BlankStringReturnsEof" fullname="NUnit.Common.Tests.TokenizerTests.BlankStringReturnsEof" methodname="BlankStringReturnsEof" classname="NUnit.Common.Tests.TokenizerTests" runstate="Runnable" seed="1209559460" result="Passed" start-time="2016-05-25 12:38:21Z" end-time="2016-05-25 12:38:21Z" duration="0.014763" asserts="3" />
            <test-case id="1211" name="IdentifierTokens" fullname="NUnit.Common.Tests.TokenizerTests.IdentifierTokens" methodname="IdentifierTokens" classname="NUnit.Common.Tests.TokenizerTests" runstate="Runnable" seed="1882317581" result="Passed" start-time="2016-05-25 12:38:21Z" end-time="2016-05-25 12:38:21Z" duration="0.001090" asserts="5" />
            <test-case id="1220" name="MixedTokens_Complex" fullname="NUnit.Common.Tests.TokenizerTests.MixedTokens_Complex" methodname="MixedTokens_Complex" classname="NUnit.Common.Tests.TokenizerTests" runstate="Runnable" seed="531843035" result="Passed" start-time="2016-05-25 12:38:21Z" end-time="2016-05-25 12:38:21Z" duration="0.001694" asserts="14" />
            <test-case id="1219" name="MixedTokens_Simple" fullname="NUnit.Common.Tests.TokenizerTests.MixedTokens_Simple" methodname="MixedTokens_Simple" classname="NUnit.Common.Tests.TokenizerTests" runstate="Runnable" seed="1204719623" result="Passed" start-time="2016-05-25 12:38:21Z" end-time="2016-05-25 12:38:21Z" duration="0.000474" asserts="4" />
            <test-case id="1209" name="NullInputThrowsException" fullname="NUnit.Common.Tests.TokenizerTests.NullInputThrowsException" methodname="NullInputThrowsException" classname="NUnit.Common.Tests.TokenizerTests" runstate="Runnable" seed="1794551097" result="Passed" start-time="2016-05-25 12:38:21Z" end-time="2016-05-25 12:38:21Z" duration="0.007166" asserts="1" />
            <test-case id="1216" name="StringsMayContainEscapedQuoteChar" fullname="NUnit.Common.Tests.TokenizerTests.StringsMayContainEscapedQuoteChar" methodname="StringsMayContainEscapedQuoteChar" classname="NUnit.Common.Tests.TokenizerTests" runstate="Runnable" seed="1929080488" result="Passed" start-time="2016-05-25 12:38:21Z" end-time="2016-05-25 12:38:21Z" duration="0.000589" asserts="4" />
            <test-case id="1213" name="StringWithDoubleQuotes" fullname="NUnit.Common.Tests.TokenizerTests.StringWithDoubleQuotes" methodname="StringWithDoubleQuotes" classname="NUnit.Common.Tests.TokenizerTests" runstate="Runnable" seed="267185175" result="Passed" start-time="2016-05-25 12:38:21Z" end-time="2016-05-25 12:38:21Z" duration="0.004498" asserts="4" />
            <test-case id="1214" name="StringWithSingleQuotes" fullname="NUnit.Common.Tests.TokenizerTests.StringWithSingleQuotes" methodname="StringWithSingleQuotes" classname="NUnit.Common.Tests.TokenizerTests" runstate="Runnable" seed="1023972210" result="Passed" start-time="2016-05-25 12:38:21Z" end-time="2016-05-25 12:38:21Z" duration="0.000571" asserts="4" />
            <test-case id="1215" name="StringWithSlashes" fullname="NUnit.Common.Tests.TokenizerTests.StringWithSlashes" methodname="StringWithSlashes" classname="NUnit.Common.Tests.TokenizerTests" runstate="Runnable" seed="1673811213" result="Passed" start-time="2016-05-25 12:38:21Z" end-time="2016-05-25 12:38:21Z" duration="0.000494" asserts="4" />
            <test-case id="1218" name="SymbolTokens_DoubleChar" fullname="NUnit.Common.Tests.TokenizerTests.SymbolTokens_DoubleChar" methodname="SymbolTokens_DoubleChar" classname="NUnit.Common.Tests.TokenizerTests" runstate="Runnable" seed="985091976" result="Passed" start-time="2016-05-25 12:38:21Z" end-time="2016-05-25 12:38:21Z" duration="0.000958" asserts="7" />
            <test-case id="1217" name="SymbolTokens_SingleChar" fullname="NUnit.Common.Tests.TokenizerTests.SymbolTokens_SingleChar" methodname="SymbolTokens_SingleChar" classname="NUnit.Common.Tests.TokenizerTests" runstate="Runnable" seed="164198462" result="Passed" start-time="2016-05-25 12:38:21Z" end-time="2016-05-25 12:38:21Z" duration="0.000830" asserts="7" />
            <test-case id="1212" name="WordsInUnicode" fullname="NUnit.Common.Tests.TokenizerTests.WordsInUnicode" methodname="WordsInUnicode" classname="NUnit.Common.Tests.TokenizerTests" runstate="Runnable" seed="1317724617" result="Passed" start-time="2016-05-25 12:38:21Z" end-time="2016-05-25 12:38:21Z" duration="0.000479" asserts="4" />
          </test-suite>
          <test-suite type="TestFixture" id="1175" name="TestSelectionParserTests" fullname="NUnit.Common.Tests.TestSelectionParserTests" classname="NUnit.Common.Tests.TestSelectionParserTests" runstate="Runnable" testcasecount="30" result="Passed" start-time="2016-05-25 12:38:21Z" end-time="2016-05-25 12:38:21Z" duration="0.076554" total="30" passed="30" failed="0" inconclusive="0" skipped="0" asserts="56">
            <test-suite type="ParameterizedMethod" id="1202" name="TestParser" fullname="NUnit.Common.Tests.TestSelectionParserTests.TestParser" classname="NUnit.Common.Tests.TestSelectionParserTests" runstate="Runnable" testcasecount="26" result="Passed" start-time="2016-05-25 12:38:21Z" end-time="2016-05-25 12:38:21Z" duration="0.073118" total="26" passed="26" failed="0" inconclusive="0" skipped="0" asserts="52">
              <test-case id="1176" name="TestParser(&quot;cat=Urgent&quot;,&quot;&lt;cat&gt;Urgent&lt;/cat&gt;&quot;)" fullname="NUnit.Common.Tests.TestSelectionParserTests.TestParser(&quot;cat=Urgent&quot;,&quot;&lt;cat&gt;Urgent&lt;/cat&gt;&quot;)" methodname="TestParser" classname="NUnit.Common.Tests.TestSelectionParserTests" runstate="Runnable" seed="1796464613" result="Passed" start-time="2016-05-25 12:38:21Z" end-time="2016-05-25 12:38:21Z" duration="0.064700" asserts="2" />
              <test-case id="1177" name="TestParser(&quot;cat==Urgent&quot;,&quot;&lt;cat&gt;Urgent&lt;/cat&gt;&quot;)" fullname="NUnit.Common.Tests.TestSelectionParserTests.TestParser(&quot;cat==Urgent&quot;,&quot;&lt;cat&gt;Urgent&lt;/cat&gt;&quot;)" methodname="TestParser" classname="NUnit.Common.Tests.TestSelectionParserTests" runstate="Runnable" seed="563185173" result="Passed" start-time="2016-05-25 12:38:21Z" end-time="2016-05-25 12:38:21Z" duration="0.000245" asserts="2" />
              <test-case id="1178" name="TestParser(&quot;cat!=Urgent&quot;,&quot;&lt;not&gt;&lt;cat&gt;Urgent&lt;/cat&gt;&lt;/not&gt;&quot;)" fullname="NUnit.Common.Tests.TestSelectionParserTests.TestParser(&quot;cat!=Urgent&quot;,&quot;&lt;not&gt;&lt;cat&gt;Urgent&lt;/cat&gt;&lt;/not&gt;&quot;)" methodname="TestParser" classname="NUnit.Common.Tests.TestSelectionParserTests" runstate="Runnable" seed="1565266478" result="Passed" start-time="2016-05-25 12:38:21Z" end-time="2016-05-25 12:38:21Z" duration="0.000188" asserts="2" />
              <test-case id="1179" name="TestParser(&quot;cat =~ Urgent&quot;,&quot;&lt;cat re='1'&gt;Urgent&lt;/cat&gt;&quot;)" fullname="NUnit.Common.Tests.TestSelectionParserTests.TestParser(&quot;cat =~ Urgent&quot;,&quot;&lt;cat re='1'&gt;Urgent&lt;/cat&gt;&quot;)" methodname="TestParser" classname="NUnit.Common.Tests.TestSelectionParserTests" runstate="Runnable" seed="2093275556" result="Passed" start-time="2016-05-25 12:38:21Z" end-time="2016-05-25 12:38:21Z" duration="0.000184" asserts="2" />
              <test-case id="1180" name="TestParser(&quot;cat !~ Urgent&quot;,&quot;&lt;not&gt;&lt;cat re='1'&gt;Urgent&lt;/cat&gt;&lt;/not&gt;&quot;)" fullname="NUnit.Common.Tests.TestSelectionParserTests.TestParser(&quot;cat !~ Urgent&quot;,&quot;&lt;not&gt;&lt;cat re='1'&gt;Urgent&lt;/cat&gt;&lt;/not&gt;&quot;)" methodname="TestParser" classname="NUnit.Common.Tests.TestSelectionParserTests" runstate="Runnable" seed="1539995334" result="Passed" start-time="2016-05-25 12:38:21Z" end-time="2016-05-25 12:38:21Z" duration="0.000182" asserts="2" />
              <test-case id="1181" name="TestParser(&quot;cat = Urgent || cat = High&quot;,&quot;&lt;or&gt;&lt;cat&gt;Urgent&lt;/cat&gt;&lt;cat&gt;High&lt;/cat&gt;&lt;...&quot;)" fullname="NUnit.Common.Tests.TestSelectionParserTests.TestParser(&quot;cat = Urgent || cat = High&quot;,&quot;&lt;or&gt;&lt;cat&gt;Urgent&lt;/cat&gt;&lt;cat&gt;High&lt;/cat&gt;&lt;...&quot;)" methodname="TestParser" classname="NUnit.Common.Tests.TestSelectionParserTests" runstate="Runnable" seed="233427465" result="Passed" start-time="2016-05-25 12:38:21Z" end-time="2016-05-25 12:38:21Z" duration="0.000166" asserts="2" />
              <test-case id="1182" name="TestParser(&quot;Priority == High&quot;,&quot;&lt;prop name='Priority'&gt;High&lt;/prop&gt;&quot;)" fullname="NUnit.Common.Tests.TestSelectionParserTests.TestParser(&quot;Priority == High&quot;,&quot;&lt;prop name='Priority'&gt;High&lt;/prop&gt;&quot;)" methodname="TestParser" classname="NUnit.Common.Tests.TestSelectionParserTests" runstate="Runnable" seed="969819286" result="Passed" start-time="2016-05-25 12:38:21Z" end-time="2016-05-25 12:38:21Z" duration="0.000601" asserts="2" />
              <test-case id="1183" name="TestParser(&quot;Priority != Urgent&quot;,&quot;&lt;not&gt;&lt;prop name='Priority'&gt;Urgent&lt;/pr...&quot;)" fullname="NUnit.Common.Tests.TestSelectionParserTests.TestParser(&quot;Priority != Urgent&quot;,&quot;&lt;not&gt;&lt;prop name='Priority'&gt;Urgent&lt;/pr...&quot;)" methodname="TestParser" classname="NUnit.Common.Tests.TestSelectionParserTests" runstate="Runnable" seed="1326234891" result="Passed" start-time="2016-05-25 12:38:21Z" end-time="2016-05-25 12:38:21Z" duration="0.000161" asserts="2" />
              <test-case id="1184" name="TestParser(&quot;Author =~ Jones&quot;,&quot;&lt;prop name='Author' re='1'&gt;Jones&lt;/prop&gt;&quot;)" fullname="NUnit.Common.Tests.TestSelectionParserTests.TestParser(&quot;Author =~ Jones&quot;,&quot;&lt;prop name='Author' re='1'&gt;Jones&lt;/prop&gt;&quot;)" methodname="TestParser" classname="NUnit.Common.Tests.TestSelectionParserTests" runstate="Runnable" seed="1433206818" result="Passed" start-time="2016-05-25 12:38:21Z" end-time="2016-05-25 12:38:21Z" duration="0.000202" asserts="2" />
              <test-case id="1185" name="TestParser(&quot;Author !~ Jones&quot;,&quot;&lt;not&gt;&lt;prop name='Author' re='1'&gt;Jones...&quot;)" fullname="NUnit.Common.Tests.TestSelectionParserTests.TestParser(&quot;Author !~ Jones&quot;,&quot;&lt;not&gt;&lt;prop name='Author' re='1'&gt;Jones...&quot;)" methodname="TestParser" classname="NUnit.Common.Tests.TestSelectionParserTests" runstate="Runnable" seed="1427079319" result="Passed" start-time="2016-05-25 12:38:21Z" end-time="2016-05-25 12:38:21Z" duration="0.000164" asserts="2" />
              <test-case id="1186" name="TestParser(&quot;name='SomeTest'&quot;,&quot;&lt;name&gt;SomeTest&lt;/name&gt;&quot;)" fullname="NUnit.Common.Tests.TestSelectionParserTests.TestParser(&quot;name='SomeTest'&quot;,&quot;&lt;name&gt;SomeTest&lt;/name&gt;&quot;)" methodname="TestParser" classname="NUnit.Common.Tests.TestSelectionParserTests" runstate="Runnable" seed="803867204" result="Passed" start-time="2016-05-25 12:38:21Z" end-time="2016-05-25 12:38:21Z" duration="0.000139" asserts="2" />
              <test-case id="1187" name="TestParser(&quot;method=TestMethod&quot;,&quot;&lt;method&gt;TestMethod&lt;/method&gt;&quot;)" fullname="NUnit.Common.Tests.TestSelectionParserTests.TestParser(&quot;method=TestMethod&quot;,&quot;&lt;method&gt;TestMethod&lt;/method&gt;&quot;)" methodname="TestParser" classname="NUnit.Common.Tests.TestSelectionParserTests" runstate="Runnable" seed="120860455" result="Passed" start-time="2016-05-25 12:38:21Z" end-time="2016-05-25 12:38:21Z" duration="0.000091" asserts="2" />
              <test-case id="1188" name="TestParser(&quot;method=Test1||method=Test2||method=Test3&quot;,&quot;&lt;or&gt;&lt;method&gt;Test1&lt;/method&gt;&lt;method&gt;Tes...&quot;)" fullname="NUnit.Common.Tests.TestSelectionParserTests.TestParser(&quot;method=Test1||method=Test2||method=Test3&quot;,&quot;&lt;or&gt;&lt;method&gt;Test1&lt;/method&gt;&lt;method&gt;Tes...&quot;)" methodname="TestParser" classname="NUnit.Common.Tests.TestSelectionParserTests" runstate="Runnable" seed="642019631" result="Passed" start-time="2016-05-25 12:38:21Z" end-time="2016-05-25 12:38:21Z" duration="0.000098" asserts="2" />
              <test-case id="1189" name="TestParser(&quot;test='My.Test.Fixture.Method(42)'&quot;,&quot;&lt;test&gt;My.Test.Fixture.Method(42)&lt;/test&gt;&quot;)" fullname="NUnit.Common.Tests.TestSelectionParserTests.TestParser(&quot;test='My.Test.Fixture.Method(42)'&quot;,&quot;&lt;test&gt;My.Test.Fixture.Method(42)&lt;/test&gt;&quot;)" methodname="TestParser" classname="NUnit.Common.Tests.TestSelectionParserTests" runstate="Runnable" seed="1038496177" result="Passed" start-time="2016-05-25 12:38:21Z" end-time="2016-05-25 12:38:21Z" duration="0.000089" asserts="2" />
              <test-case id="1190" name="TestParser(&quot;test='My.Test.Fixture.Method(\&quot;xyz\&quot;)'&quot;,&quot;&lt;test&gt;My.Test.Fixture.Method(&amp;quot;xy...&quot;)" fullname="NUnit.Common.Tests.TestSelectionParserTests.TestParser(&quot;test='My.Test.Fixture.Method(\&quot;xyz\&quot;)'&quot;,&quot;&lt;test&gt;My.Test.Fixture.Method(&amp;quot;xy...&quot;)" methodname="TestParser" classname="NUnit.Common.Tests.TestSelectionParserTests" runstate="Runnable" seed="851919762" result="Passed" start-time="2016-05-25 12:38:21Z" end-time="2016-05-25 12:38:21Z" duration="0.000094" asserts="2" />
              <test-case id="1191" name="TestParser(&quot;test='My.Test.Fixture.Method(\&quot;abc\\'s\&quot;)'&quot;,&quot;&lt;test&gt;My.Test.Fixture.Method(&amp;quot;ab...&quot;)" fullname="NUnit.Common.Tests.TestSelectionParserTests.TestParser(&quot;test='My.Test.Fixture.Method(\&quot;abc\\'s\&quot;)'&quot;,&quot;&lt;test&gt;My.Test.Fixture.Method(&amp;quot;ab...&quot;)" methodname="TestParser" classname="NUnit.Common.Tests.TestSelectionParserTests" runstate="Runnable" seed="1558038094" result="Passed" start-time="2016-05-25 12:38:21Z" end-time="2016-05-25 12:38:21Z" duration="0.000092" asserts="2" />
              <test-case id="1192" name="TestParser(&quot;test='My.Test.Fixture.Method(\&quot;x&amp;y&amp;z\&quot;)'&quot;,&quot;&lt;test&gt;My.Test.Fixture.Method(&amp;quot;x&amp;...&quot;)" fullname="NUnit.Common.Tests.TestSelectionParserTests.TestParser(&quot;test='My.Test.Fixture.Method(\&quot;x&amp;y&amp;z\&quot;)'&quot;,&quot;&lt;test&gt;My.Test.Fixture.Method(&amp;quot;x&amp;...&quot;)" methodname="TestParser" classname="NUnit.Common.Tests.TestSelectionParserTests" runstate="Runnable" seed="1117966202" result="Passed" start-time="2016-05-25 12:38:21Z" end-time="2016-05-25 12:38:21Z" duration="0.000116" asserts="2" />
              <test-case id="1193" name="TestParser(&quot;test='My.Test.Fixture.Method(\&quot;&lt;xyz&gt;\&quot;)'&quot;,&quot;&lt;test&gt;My.Test.Fixture.Method(&amp;quot;&amp;l...&quot;)" fullname="NUnit.Common.Tests.TestSelectionParserTests.TestParser(&quot;test='My.Test.Fixture.Method(\&quot;&lt;xyz&gt;\&quot;)'&quot;,&quot;&lt;test&gt;My.Test.Fixture.Method(&amp;quot;&amp;l...&quot;)" methodname="TestParser" classname="NUnit.Common.Tests.TestSelectionParserTests" runstate="Runnable" seed="251971526" result="Passed" start-time="2016-05-25 12:38:21Z" end-time="2016-05-25 12:38:21Z" duration="0.000126" asserts="2" />
              <test-case id="1194" name="TestParser(&quot;cat==Urgent &amp;&amp; test=='My.Tests'&quot;,&quot;&lt;and&gt;&lt;cat&gt;Urgent&lt;/cat&gt;&lt;test&gt;My.Tests&lt;...&quot;)" fullname="NUnit.Common.Tests.TestSelectionParserTests.TestParser(&quot;cat==Urgent &amp;&amp; test=='My.Tests'&quot;,&quot;&lt;and&gt;&lt;cat&gt;Urgent&lt;/cat&gt;&lt;test&gt;My.Tests&lt;...&quot;)" methodname="TestParser" classname="NUnit.Common.Tests.TestSelectionParserTests" runstate="Runnable" seed="986272056" result="Passed" start-time="2016-05-25 12:38:21Z" end-time="2016-05-25 12:38:21Z" duration="0.000102" asserts="2" />
              <test-case id="1195" name="TestParser(&quot;cat==Urgent and test=='My.Tests'&quot;,&quot;&lt;and&gt;&lt;cat&gt;Urgent&lt;/cat&gt;&lt;test&gt;My.Tests&lt;...&quot;)" fullname="NUnit.Common.Tests.TestSelectionParserTests.TestParser(&quot;cat==Urgent and test=='My.Tests'&quot;,&quot;&lt;and&gt;&lt;cat&gt;Urgent&lt;/cat&gt;&lt;test&gt;My.Tests&lt;...&quot;)" methodname="TestParser" classname="NUnit.Common.Tests.TestSelectionParserTests" runstate="Runnable" seed="1412432203" result="Passed" start-time="2016-05-25 12:38:21Z" end-time="2016-05-25 12:38:21Z" duration="0.000098" asserts="2" />
              <test-case id="1196" name="TestParser(&quot;cat==Urgent || test=='My.Tests'&quot;,&quot;&lt;or&gt;&lt;cat&gt;Urgent&lt;/cat&gt;&lt;test&gt;My.Tests&lt;/...&quot;)" fullname="NUnit.Common.Tests.TestSelectionParserTests.TestParser(&quot;cat==Urgent || test=='My.Tests'&quot;,&quot;&lt;or&gt;&lt;cat&gt;Urgent&lt;/cat&gt;&lt;test&gt;My.Tests&lt;/...&quot;)" methodname="TestParser" classname="NUnit.Common.Tests.TestSelectionParserTests" runstate="Runnable" seed="2062942593" result="Passed" start-time="2016-05-25 12:38:21Z" end-time="2016-05-25 12:38:21Z" duration="0.000099" asserts="2" />
              <test-case id="1197" name="TestParser(&quot;cat==Urgent or test=='My.Tests'&quot;,&quot;&lt;or&gt;&lt;cat&gt;Urgent&lt;/cat&gt;&lt;test&gt;My.Tests&lt;/...&quot;)" fullname="NUnit.Common.Tests.TestSelectionParserTests.TestParser(&quot;cat==Urgent or test=='My.Tests'&quot;,&quot;&lt;or&gt;&lt;cat&gt;Urgent&lt;/cat&gt;&lt;test&gt;My.Tests&lt;/...&quot;)" methodname="TestParser" classname="NUnit.Common.Tests.TestSelectionParserTests" runstate="Runnable" seed="530879892" result="Passed" start-time="2016-05-25 12:38:21Z" end-time="2016-05-25 12:38:21Z" duration="0.000094" asserts="2" />
              <test-case id="1198" name="TestParser(&quot;cat==Urgent || test=='My.Tests' &amp;&amp; ca...&quot;,&quot;&lt;or&gt;&lt;cat&gt;Urgent&lt;/cat&gt;&lt;and&gt;&lt;test&gt;My.Te...&quot;)" fullname="NUnit.Common.Tests.TestSelectionParserTests.TestParser(&quot;cat==Urgent || test=='My.Tests' &amp;&amp; ca...&quot;,&quot;&lt;or&gt;&lt;cat&gt;Urgent&lt;/cat&gt;&lt;and&gt;&lt;test&gt;My.Te...&quot;)" methodname="TestParser" classname="NUnit.Common.Tests.TestSelectionParserTests" runstate="Runnable" seed="448969506" result="Passed" start-time="2016-05-25 12:38:21Z" end-time="2016-05-25 12:38:21Z" duration="0.000103" asserts="2" />
              <test-case id="1199" name="TestParser(&quot;cat==Urgent &amp;&amp; test=='My.Tests' || ca...&quot;,&quot;&lt;or&gt;&lt;and&gt;&lt;cat&gt;Urgent&lt;/cat&gt;&lt;test&gt;My.Te...&quot;)" fullname="NUnit.Common.Tests.TestSelectionParserTests.TestParser(&quot;cat==Urgent &amp;&amp; test=='My.Tests' || ca...&quot;,&quot;&lt;or&gt;&lt;and&gt;&lt;cat&gt;Urgent&lt;/cat&gt;&lt;test&gt;My.Te...&quot;)" methodname="TestParser" classname="NUnit.Common.Tests.TestSelectionParserTests" runstate="Runnable" seed="1489865967" result="Passed" start-time="2016-05-25 12:38:21Z" end-time="2016-05-25 12:38:21Z" duration="0.000102" asserts="2" />
              <test-case id="1200" name="TestParser(&quot;cat==Urgent &amp;&amp; (test=='My.Tests' || c...&quot;,&quot;&lt;and&gt;&lt;cat&gt;Urgent&lt;/cat&gt;&lt;or&gt;&lt;test&gt;My.Te...&quot;)" fullname="NUnit.Common.Tests.TestSelectionParserTests.TestParser(&quot;cat==Urgent &amp;&amp; (test=='My.Tests' || c...&quot;,&quot;&lt;and&gt;&lt;cat&gt;Urgent&lt;/cat&gt;&lt;or&gt;&lt;test&gt;My.Te...&quot;)" methodname="TestParser" classname="NUnit.Common.Tests.TestSelectionParserTests" runstate="Runnable" seed="783724678" result="Passed" start-time="2016-05-25 12:38:21Z" end-time="2016-05-25 12:38:21Z" duration="0.000454" asserts="2" />
              <test-case id="1201" name="TestParser(&quot;cat==Urgent &amp;&amp; !(test=='My.Tests' || ...&quot;,&quot;&lt;and&gt;&lt;cat&gt;Urgent&lt;/cat&gt;&lt;not&gt;&lt;or&gt;&lt;test&gt;...&quot;)" fullname="NUnit.Common.Tests.TestSelectionParserTests.TestParser(&quot;cat==Urgent &amp;&amp; !(test=='My.Tests' || ...&quot;,&quot;&lt;and&gt;&lt;cat&gt;Urgent&lt;/cat&gt;&lt;not&gt;&lt;or&gt;&lt;test&gt;...&quot;)" methodname="TestParser" classname="NUnit.Common.Tests.TestSelectionParserTests" runstate="Runnable" seed="320958440" result="Passed" start-time="2016-05-25 12:38:21Z" end-time="2016-05-25 12:38:21Z" duration="0.000110" asserts="2" />
            </test-suite>
            <test-suite type="ParameterizedMethod" id="1207" name="TestParser_InvalidInput" fullname="NUnit.Common.Tests.TestSelectionParserTests.TestParser_InvalidInput" classname="NUnit.Common.Tests.TestSelectionParserTests" runstate="Runnable" testcasecount="4" result="Passed" start-time="2016-05-25 12:38:21Z" end-time="2016-05-25 12:38:21Z" duration="0.001204" total="4" passed="4" failed="0" inconclusive="0" skipped="0" asserts="4">
              <test-case id="1203" name="TestParser_InvalidInput(null,System.ArgumentNullException)" fullname="NUnit.Common.Tests.TestSelectionParserTests.TestParser_InvalidInput(null,System.ArgumentNullException)" methodname="TestParser_InvalidInput" classname="NUnit.Common.Tests.TestSelectionParserTests" runstate="Runnable" seed="1468606825" result="Passed" start-time="2016-05-25 12:38:21Z" end-time="2016-05-25 12:38:21Z" duration="0.000591" asserts="1" />
              <test-case id="1204" name="TestParser_InvalidInput(&quot;&quot;,NUnit.Common.TestSelectionParserException)" fullname="NUnit.Common.Tests.TestSelectionParserTests.TestParser_InvalidInput(&quot;&quot;,NUnit.Common.TestSelectionParserException)" methodname="TestParser_InvalidInput" classname="NUnit.Common.Tests.TestSelectionParserTests" runstate="Runnable" seed="77930492" result="Passed" start-time="2016-05-25 12:38:21Z" end-time="2016-05-25 12:38:21Z" duration="0.000198" asserts="1" />
              <test-case id="1205" name="TestParser_InvalidInput(&quot;   &quot;,NUnit.Common.TestSelectionParserException)" fullname="NUnit.Common.Tests.TestSelectionParserTests.TestParser_InvalidInput(&quot;   &quot;,NUnit.Common.TestSelectionParserException)" methodname="TestParser_InvalidInput" classname="NUnit.Common.Tests.TestSelectionParserTests" runstate="Runnable" seed="157020497" result="Passed" start-time="2016-05-25 12:38:21Z" end-time="2016-05-25 12:38:21Z" duration="0.000107" asserts="1" />
              <test-case id="1206" name="TestParser_InvalidInput(&quot;  \t\t &quot;,NUnit.Common.TestSelectionParserException)" fullname="NUnit.Common.Tests.TestSelectionParserTests.TestParser_InvalidInput(&quot;  \t\t &quot;,NUnit.Common.TestSelectionParserException)" methodname="TestParser_InvalidInput" classname="NUnit.Common.Tests.TestSelectionParserTests" runstate="Runnable" seed="674992756" result="Passed" start-time="2016-05-25 12:38:21Z" end-time="2016-05-25 12:38:21Z" duration="0.000086" asserts="1" />
            </test-suite>
          </test-suite>
        </test-suite>
      </test-suite>
    </test-suite>
    <test-suite type="TestSuite" id="1225" name="NUnitLite" fullname="NUnitLite" runstate="Runnable" testcasecount="122" result="Failed" site="Child" start-time="2016-05-25 12:38:21Z" end-time="2016-05-25 12:38:21Z" duration="0.110283" total="122" passed="119" failed="2" inconclusive="0" skipped="1" asserts="361">
      <failure>
        <message><![CDATA[One or more child tests had errors]]></message>
      </failure>
      <test-suite type="TestSuite" id="1226" name="Tests" fullname="NUnitLite.Tests" runstate="Runnable" testcasecount="122" result="Failed" site="Child" start-time="2016-05-25 12:38:21Z" end-time="2016-05-25 12:38:21Z" duration="0.110274" total="122" passed="119" failed="2" inconclusive="0" skipped="1" asserts="361">
        <failure>
          <message><![CDATA[One or more child tests had errors]]></message>
        </failure>
        <test-suite type="TestFixture" id="1069" name="MakeRunSettingsTests" fullname="NUnitLite.Tests.MakeRunSettingsTests" classname="NUnitLite.Tests.MakeRunSettingsTests" runstate="Runnable" testcasecount="3" result="Passed" start-time="2016-05-25 12:38:21Z" end-time="2016-05-25 12:38:21Z" duration="0.003205" total="3" passed="3" failed="0" inconclusive="0" skipped="0" asserts="6">
          <test-case id="1072" name="WhenSeedIsSpecified_RunSettingsIncludeIt" fullname="NUnitLite.Tests.MakeRunSettingsTests.WhenSeedIsSpecified_RunSettingsIncludeIt" methodname="WhenSeedIsSpecified_RunSettingsIncludeIt" classname="NUnitLite.Tests.MakeRunSettingsTests" runstate="Runnable" seed="1896173477" result="Passed" start-time="2016-05-25 12:38:21Z" end-time="2016-05-25 12:38:21Z" duration="0.001661" asserts="2" />
          <test-case id="1070" name="WhenTimeoutIsSpecified_RunSettingsIncludeIt" fullname="NUnitLite.Tests.MakeRunSettingsTests.WhenTimeoutIsSpecified_RunSettingsIncludeIt" methodname="WhenTimeoutIsSpecified_RunSettingsIncludeIt" classname="NUnitLite.Tests.MakeRunSettingsTests" runstate="Runnable" seed="320028349" result="Passed" start-time="2016-05-25 12:38:21Z" end-time="2016-05-25 12:38:21Z" duration="0.000544" asserts="2" />
          <test-case id="1071" name="WhenWorkDirectoryIsSpecified_RunSettingsIncludeIt" fullname="NUnitLite.Tests.MakeRunSettingsTests.WhenWorkDirectoryIsSpecified_RunSettingsIncludeIt" methodname="WhenWorkDirectoryIsSpecified_RunSettingsIncludeIt" classname="NUnitLite.Tests.MakeRunSettingsTests" runstate="Runnable" seed="1919210513" result="Passed" start-time="2016-05-25 12:38:21Z" end-time="2016-05-25 12:38:21Z" duration="0.000628" asserts="2" />
        </test-suite>
        <test-suite type="TestFixture" id="1116" name="TeamCityEventListenerTests" fullname="NUnitLite.Tests.TeamCityEventListenerTests" classname="NUnitLite.Tests.TeamCityEventListenerTests" runstate="Runnable" testcasecount="7" result="Passed" start-time="2016-05-25 12:38:21Z" end-time="2016-05-25 12:38:21Z" duration="0.017376" total="7" passed="7" failed="0" inconclusive="0" skipped="0" asserts="7">
          <test-case id="1123" name="TestFinished_Failed" fullname="NUnitLite.Tests.TeamCityEventListenerTests.TestFinished_Failed" methodname="TestFinished_Failed" classname="NUnitLite.Tests.TeamCityEventListenerTests" runstate="Runnable" seed="1032966456" result="Passed" start-time="2016-05-25 12:38:21Z" end-time="2016-05-25 12:38:21Z" duration="0.003233" asserts="1" />
          <test-case id="1122" name="TestFinished_Ignored" fullname="NUnitLite.Tests.TeamCityEventListenerTests.TestFinished_Ignored" methodname="TestFinished_Ignored" classname="NUnitLite.Tests.TeamCityEventListenerTests" runstate="Runnable" seed="1945916310" result="Passed" start-time="2016-05-25 12:38:21Z" end-time="2016-05-25 12:38:21Z" duration="0.000641" asserts="1" />
          <test-case id="1121" name="TestFinished_Inconclusive" fullname="NUnitLite.Tests.TeamCityEventListenerTests.TestFinished_Inconclusive" methodname="TestFinished_Inconclusive" classname="NUnitLite.Tests.TeamCityEventListenerTests" runstate="Runnable" seed="1530134813" result="Passed" start-time="2016-05-25 12:38:21Z" end-time="2016-05-25 12:38:21Z" duration="0.000560" asserts="1" />
          <test-case id="1120" name="TestFinished_Passed" fullname="NUnitLite.Tests.TeamCityEventListenerTests.TestFinished_Passed" methodname="TestFinished_Passed" classname="NUnitLite.Tests.TeamCityEventListenerTests" runstate="Runnable" seed="232017715" result="Passed" start-time="2016-05-25 12:38:21Z" end-time="2016-05-25 12:38:21Z" duration="0.001075" asserts="1" />
          <test-case id="1119" name="TestStarted" fullname="NUnitLite.Tests.TeamCityEventListenerTests.TestStarted" methodname="TestStarted" classname="NUnitLite.Tests.TeamCityEventListenerTests" runstate="Runnable" seed="466764872" result="Passed" start-time="2016-05-25 12:38:21Z" end-time="2016-05-25 12:38:21Z" duration="0.000771" asserts="1" />
          <test-case id="1118" name="TestSuiteFinished" fullname="NUnitLite.Tests.TeamCityEventListenerTests.TestSuiteFinished" methodname="TestSuiteFinished" classname="NUnitLite.Tests.TeamCityEventListenerTests" runstate="Runnable" seed="934505409" result="Passed" start-time="2016-05-25 12:38:21Z" end-time="2016-05-25 12:38:21Z" duration="0.000499" asserts="1" />
          <test-case id="1117" name="TestSuiteStarted" fullname="NUnitLite.Tests.TeamCityEventListenerTests.TestSuiteStarted" methodname="TestSuiteStarted" classname="NUnitLite.Tests.TeamCityEventListenerTests" runstate="Runnable" seed="1160194962" result="Passed" start-time="2016-05-25 12:38:21Z" end-time="2016-05-25 12:38:21Z" duration="0.000608" asserts="1" />
        </test-suite>
        <test-suite type="TestFixture" id="1000" name="CommandLineTests" fullname="NUnitLite.Tests.CommandLineTests" classname="NUnitLite.Tests.CommandLineTests" runstate="Runnable" testcasecount="53" result="Passed" start-time="2016-05-25 12:38:21Z" end-time="2016-05-25 12:38:21Z" duration="0.066751" total="53" passed="53" failed="0" inconclusive="0" skipped="0" asserts="214">
          <test-case id="1032" name="AssemblyAloneIsValid" fullname="NUnitLite.Tests.CommandLineTests.AssemblyAloneIsValid" methodname="AssemblyAloneIsValid" classname="NUnitLite.Tests.CommandLineTests" runstate="Runnable" seed="67461644" result="Passed" start-time="2016-05-25 12:38:21Z" end-time="2016-05-25 12:38:21Z" duration="0.012670" asserts="2" />
          <test-case id="1031" name="AssemblyName" fullname="NUnitLite.Tests.CommandLineTests.AssemblyName" methodname="AssemblyName" classname="NUnitLite.Tests.CommandLineTests" runstate="Runnable" seed="1038168806" result="Passed" start-time="2016-05-25 12:38:21Z" end-time="2016-05-25 12:38:21Z" duration="0.000475" asserts="3" />
          <test-suite type="ParameterizedMethod" id="1009" name="CanRecognizeBooleanOptions" fullname="NUnitLite.Tests.CommandLineTests.CanRecognizeBooleanOptions" classname="NUnitLite.Tests.CommandLineTests" runstate="Runnable" testcasecount="7" result="Passed" start-time="2016-05-25 12:38:21Z" end-time="2016-05-25 12:38:21Z" duration="0.018084" total="7" passed="7" failed="0" inconclusive="0" skipped="0" asserts="34">
            <test-case id="1002" name="CanRecognizeBooleanOptions(&quot;ShowHelp&quot;,&quot;help|h&quot;)" fullname="NUnitLite.Tests.CommandLineTests.CanRecognizeBooleanOptions(&quot;ShowHelp&quot;,&quot;help|h&quot;)" methodname="CanRecognizeBooleanOptions" classname="NUnitLite.Tests.CommandLineTests" runstate="Runnable" seed="1611312276" result="Passed" start-time="2016-05-25 12:38:21Z" end-time="2016-05-25 12:38:21Z" duration="0.006909" asserts="6">
              <output><![CDATA[Testing ShowHelp
]]></output>
            </test-case>
            <test-case id="1003" name="CanRecognizeBooleanOptions(&quot;ShowVersion&quot;,&quot;version|V&quot;)" fullname="NUnitLite.Tests.CommandLineTests.CanRecognizeBooleanOptions(&quot;ShowVersion&quot;,&quot;version|V&quot;)" methodname="CanRecognizeBooleanOptions" classname="NUnitLite.Tests.CommandLineTests" runstate="Runnable" seed="907963871" result="Passed" start-time="2016-05-25 12:38:21Z" end-time="2016-05-25 12:38:21Z" duration="0.000758" asserts="6">
              <output><![CDATA[Testing ShowVersion
]]></output>
            </test-case>
            <test-case id="1004" name="CanRecognizeBooleanOptions(&quot;StopOnError&quot;,&quot;stoponerror&quot;)" fullname="NUnitLite.Tests.CommandLineTests.CanRecognizeBooleanOptions(&quot;StopOnError&quot;,&quot;stoponerror&quot;)" methodname="CanRecognizeBooleanOptions" classname="NUnitLite.Tests.CommandLineTests" runstate="Runnable" seed="1544378661" result="Passed" start-time="2016-05-25 12:38:21Z" end-time="2016-05-25 12:38:21Z" duration="0.000526" asserts="4">
              <output><![CDATA[Testing StopOnError
]]></output>
            </test-case>
            <test-case id="1005" name="CanRecognizeBooleanOptions(&quot;WaitBeforeExit&quot;,&quot;wait&quot;)" fullname="NUnitLite.Tests.CommandLineTests.CanRecognizeBooleanOptions(&quot;WaitBeforeExit&quot;,&quot;wait&quot;)" methodname="CanRecognizeBooleanOptions" classname="NUnitLite.Tests.CommandLineTests" runstate="Runnable" seed="1088025354" result="Passed" start-time="2016-05-25 12:38:21Z" end-time="2016-05-25 12:38:21Z" duration="0.001752" asserts="4">
              <output><![CDATA[Testing WaitBeforeExit
]]></output>
            </test-case>
            <test-case id="1006" name="CanRecognizeBooleanOptions(&quot;NoHeader&quot;,&quot;noheader|noh&quot;)" fullname="NUnitLite.Tests.CommandLineTests.CanRecognizeBooleanOptions(&quot;NoHeader&quot;,&quot;noheader|noh&quot;)" methodname="CanRecognizeBooleanOptions" classname="NUnitLite.Tests.CommandLineTests" runstate="Runnable" seed="1393109349" result="Passed" start-time="2016-05-25 12:38:21Z" end-time="2016-05-25 12:38:21Z" duration="0.000744" asserts="6">
              <output><![CDATA[Testing NoHeader
]]></output>
            </test-case>
            <test-case id="1007" name="CanRecognizeBooleanOptions(&quot;Full&quot;,&quot;full&quot;)" fullname="NUnitLite.Tests.CommandLineTests.CanRecognizeBooleanOptions(&quot;Full&quot;,&quot;full&quot;)" methodname="CanRecognizeBooleanOptions" classname="NUnitLite.Tests.CommandLineTests" runstate="Runnable" seed="1661596380" result="Passed" start-time="2016-05-25 12:38:21Z" end-time="2016-05-25 12:38:21Z" duration="0.004945" asserts="4">
              <output><![CDATA[Testing Full
]]></output>
            </test-case>
            <test-case id="1008" name="CanRecognizeBooleanOptions(&quot;TeamCity&quot;,&quot;teamcity&quot;)" fullname="NUnitLite.Tests.CommandLineTests.CanRecognizeBooleanOptions(&quot;TeamCity&quot;,&quot;teamcity&quot;)" methodname="CanRecognizeBooleanOptions" classname="NUnitLite.Tests.CommandLineTests" runstate="Runnable" seed="52998954" result="Passed" start-time="2016-05-25 12:38:21Z" end-time="2016-05-25 12:38:21Z" duration="0.000494" asserts="4">
              <output><![CDATA[Testing TeamCity
]]></output>
            </test-case>
          </test-suite>
          <test-suite type="ParameterizedMethod" id="1023" name="CanRecognizeIntOptions" fullname="NUnitLite.Tests.CommandLineTests.CanRecognizeIntOptions" classname="NUnitLite.Tests.CommandLineTests" runstate="Runnable" testcasecount="3" result="Passed" start-time="2016-05-25 12:38:21Z" end-time="2016-05-25 12:38:21Z" duration="0.002352" total="3" passed="3" failed="0" inconclusive="0" skipped="0" asserts="9">
            <test-case id="1020" name="CanRecognizeIntOptions(&quot;DefaultTimeout&quot;,&quot;timeout&quot;)" fullname="NUnitLite.Tests.CommandLineTests.CanRecognizeIntOptions(&quot;DefaultTimeout&quot;,&quot;timeout&quot;)" methodname="CanRecognizeIntOptions" classname="NUnitLite.Tests.CommandLineTests" runstate="Runnable" seed="2032649521" result="Passed" start-time="2016-05-25 12:38:21Z" end-time="2016-05-25 12:38:21Z" duration="0.000930" asserts="3" />
            <test-case id="1021" name="CanRecognizeIntOptions(&quot;RandomSeed&quot;,&quot;seed&quot;)" fullname="NUnitLite.Tests.CommandLineTests.CanRecognizeIntOptions(&quot;RandomSeed&quot;,&quot;seed&quot;)" methodname="CanRecognizeIntOptions" classname="NUnitLite.Tests.CommandLineTests" runstate="Runnable" seed="2109148564" result="Passed" start-time="2016-05-25 12:38:21Z" end-time="2016-05-25 12:38:21Z" duration="0.000163" asserts="3" />
            <test-case id="1022" name="CanRecognizeIntOptions(&quot;NumberOfTestWorkers&quot;,&quot;workers&quot;)" fullname="NUnitLite.Tests.CommandLineTests.CanRecognizeIntOptions(&quot;NumberOfTestWorkers&quot;,&quot;workers&quot;)" methodname="CanRecognizeIntOptions" classname="NUnitLite.Tests.CommandLineTests" runstate="Runnable" seed="1247496345" result="Passed" start-time="2016-05-25 12:38:21Z" end-time="2016-05-25 12:38:21Z" duration="0.000547" asserts="3" />
          </test-suite>
          <test-suite type="ParameterizedMethod" id="1019" name="CanRecognizeLowerCaseOptionValues" fullname="NUnitLite.Tests.CommandLineTests.CanRecognizeLowerCaseOptionValues" classname="NUnitLite.Tests.CommandLineTests" runstate="Runnable" testcasecount="2" result="Passed" start-time="2016-05-25 12:38:21Z" end-time="2016-05-25 12:38:21Z" duration="0.003336" total="2" passed="2" failed="0" inconclusive="0" skipped="0" asserts="22">
            <test-case id="1017" name="CanRecognizeLowerCaseOptionValues(&quot;DisplayTestLabels&quot;,&quot;labels&quot;,System.String[])" fullname="NUnitLite.Tests.CommandLineTests.CanRecognizeLowerCaseOptionValues(&quot;DisplayTestLabels&quot;,&quot;labels&quot;,System.String[])" methodname="CanRecognizeLowerCaseOptionValues" classname="NUnitLite.Tests.CommandLineTests" runstate="Runnable" seed="366807315" result="Passed" start-time="2016-05-25 12:38:21Z" end-time="2016-05-25 12:38:21Z" duration="0.001975" asserts="8" />
            <test-case id="1018" name="CanRecognizeLowerCaseOptionValues(&quot;InternalTraceLevel&quot;,&quot;trace&quot;,System.String[])" fullname="NUnitLite.Tests.CommandLineTests.CanRecognizeLowerCaseOptionValues(&quot;InternalTraceLevel&quot;,&quot;trace&quot;,System.String[])" methodname="CanRecognizeLowerCaseOptionValues" classname="NUnitLite.Tests.CommandLineTests" runstate="Runnable" seed="1490245360" result="Passed" start-time="2016-05-25 12:38:21Z" end-time="2016-05-25 12:38:21Z" duration="0.000965" asserts="14" />
          </test-suite>
          <test-suite type="ParameterizedMethod" id="1016" name="CanRecognizeStringOptions" fullname="NUnitLite.Tests.CommandLineTests.CanRecognizeStringOptions" classname="NUnitLite.Tests.CommandLineTests" runstate="Runnable" testcasecount="6" result="Passed" start-time="2016-05-25 12:38:21Z" end-time="2016-05-25 12:38:21Z" duration="0.004652" total="6" passed="6" failed="0" inconclusive="0" skipped="0" asserts="42">
            <test-case id="1010" name="CanRecognizeStringOptions(&quot;WhereClause&quot;,&quot;where&quot;,System.String[],System.String[])" fullname="NUnitLite.Tests.CommandLineTests.CanRecognizeStringOptions(&quot;WhereClause&quot;,&quot;where&quot;,System.String[],System.String[])" methodname="CanRecognizeStringOptions" classname="NUnitLite.Tests.CommandLineTests" runstate="Runnable" seed="1083882967" result="Passed" start-time="2016-05-25 12:38:21Z" end-time="2016-05-25 12:38:21Z" duration="0.001532" asserts="4" />
            <test-case id="1011" name="CanRecognizeStringOptions(&quot;DisplayTestLabels&quot;,&quot;labels&quot;,System.String[],System.String[])" fullname="NUnitLite.Tests.CommandLineTests.CanRecognizeStringOptions(&quot;DisplayTestLabels&quot;,&quot;labels&quot;,System.String[],System.String[])" methodname="CanRecognizeStringOptions" classname="NUnitLite.Tests.CommandLineTests" runstate="Runnable" seed="1552537299" result="Passed" start-time="2016-05-25 12:38:21Z" end-time="2016-05-25 12:38:21Z" duration="0.000548" asserts="9" />
            <test-case id="1012" name="CanRecognizeStringOptions(&quot;OutFile&quot;,&quot;output|out&quot;,System.String[],System.String[])" fullname="NUnitLite.Tests.CommandLineTests.CanRecognizeStringOptions(&quot;OutFile&quot;,&quot;output|out&quot;,System.String[],System.String[])" methodname="CanRecognizeStringOptions" classname="NUnitLite.Tests.CommandLineTests" runstate="Runnable" seed="725027453" result="Passed" start-time="2016-05-25 12:38:21Z" end-time="2016-05-25 12:38:21Z" duration="0.000584" asserts="6" />
            <test-case id="1013" name="CanRecognizeStringOptions(&quot;ErrFile&quot;,&quot;err&quot;,System.String[],System.String[])" fullname="NUnitLite.Tests.CommandLineTests.CanRecognizeStringOptions(&quot;ErrFile&quot;,&quot;err&quot;,System.String[],System.String[])" methodname="CanRecognizeStringOptions" classname="NUnitLite.Tests.CommandLineTests" runstate="Runnable" seed="808975613" result="Passed" start-time="2016-05-25 12:38:21Z" end-time="2016-05-25 12:38:21Z" duration="0.000469" asserts="4" />
            <test-case id="1014" name="CanRecognizeStringOptions(&quot;WorkDirectory&quot;,&quot;work&quot;,System.String[],System.String[])" fullname="NUnitLite.Tests.CommandLineTests.CanRecognizeStringOptions(&quot;WorkDirectory&quot;,&quot;work&quot;,System.String[],System.String[])" methodname="CanRecognizeStringOptions" classname="NUnitLite.Tests.CommandLineTests" runstate="Runnable" seed="918599169" result="Passed" start-time="2016-05-25 12:38:21Z" end-time="2016-05-25 12:38:21Z" duration="0.000160" asserts="4" />
            <test-case id="1015" name="CanRecognizeStringOptions(&quot;InternalTraceLevel&quot;,&quot;trace&quot;,System.String[],System.String[])" fullname="NUnitLite.Tests.CommandLineTests.CanRecognizeStringOptions(&quot;InternalTraceLevel&quot;,&quot;trace&quot;,System.String[],System.String[])" methodname="CanRecognizeStringOptions" classname="NUnitLite.Tests.CommandLineTests" runstate="Runnable" seed="612258138" result="Passed" start-time="2016-05-25 12:38:21Z" end-time="2016-05-25 12:38:21Z" duration="0.000472" asserts="15" />
          </test-suite>
          <test-case id="1045" name="DefaultResultSpecification" fullname="NUnitLite.Tests.CommandLineTests.DefaultResultSpecification" methodname="DefaultResultSpecification" classname="NUnitLite.Tests.CommandLineTests" runstate="Runnable" seed="966263511" result="Passed" start-time="2016-05-25 12:38:21Z" end-time="2016-05-25 12:38:21Z" duration="0.000716" asserts="4" />
          <test-case id="1049" name="ExploreOptionWithFilePath" fullname="NUnitLite.Tests.CommandLineTests.ExploreOptionWithFilePath" methodname="ExploreOptionWithFilePath" classname="NUnitLite.Tests.CommandLineTests" runstate="Runnable" seed="1281297930" result="Passed" start-time="2016-05-25 12:38:21Z" end-time="2016-05-25 12:38:21Z" duration="0.000846" asserts="7" />
          <test-case id="1050" name="ExploreOptionWithFilePathAndFormat" fullname="NUnitLite.Tests.CommandLineTests.ExploreOptionWithFilePathAndFormat" methodname="ExploreOptionWithFilePathAndFormat" classname="NUnitLite.Tests.CommandLineTests" runstate="Runnable" seed="582406927" result="Passed" start-time="2016-05-25 12:38:21Z" end-time="2016-05-25 12:38:21Z" duration="0.000612" asserts="7" />
          <test-case id="1051" name="ExploreOptionWithFilePathAndTransform" fullname="NUnitLite.Tests.CommandLineTests.ExploreOptionWithFilePathAndTransform" methodname="ExploreOptionWithFilePathAndTransform" classname="NUnitLite.Tests.CommandLineTests" runstate="Runnable" seed="953082118" result="Passed" start-time="2016-05-25 12:38:21Z" end-time="2016-05-25 12:38:21Z" duration="0.000588" asserts="7" />
          <test-case id="1052" name="ExploreOptionWithFilePathUsingEqualSign" fullname="NUnitLite.Tests.CommandLineTests.ExploreOptionWithFilePathUsingEqualSign" methodname="ExploreOptionWithFilePathUsingEqualSign" classname="NUnitLite.Tests.CommandLineTests" runstate="Runnable" seed="1397884597" result="Passed" start-time="2016-05-25 12:38:21Z" end-time="2016-05-25 12:38:21Z" duration="0.000506" asserts="5" />
          <test-case id="1048" name="ExploreOptionWithoutPath" fullname="NUnitLite.Tests.CommandLineTests.ExploreOptionWithoutPath" methodname="ExploreOptionWithoutPath" classname="NUnitLite.Tests.CommandLineTests" runstate="Runnable" seed="733363099" result="Passed" start-time="2016-05-25 12:38:21Z" end-time="2016-05-25 12:38:21Z" duration="0.000294" asserts="2" />
          <test-case id="1039" name="FileNameWithoutResultOptionLooksLikeParameter" fullname="NUnitLite.Tests.CommandLineTests.FileNameWithoutResultOptionLooksLikeParameter" methodname="FileNameWithoutResultOptionLooksLikeParameter" classname="NUnitLite.Tests.CommandLineTests" runstate="Runnable" seed="3745400" result="Passed" start-time="2016-05-25 12:38:21Z" end-time="2016-05-25 12:38:21Z" duration="0.000414" asserts="3" />
          <test-case id="1034" name="InvalidCommandLineParms" fullname="NUnitLite.Tests.CommandLineTests.InvalidCommandLineParms" methodname="InvalidCommandLineParms" classname="NUnitLite.Tests.CommandLineTests" runstate="Runnable" seed="2022984763" result="Passed" start-time="2016-05-25 12:38:21Z" end-time="2016-05-25 12:38:21Z" duration="0.002061" asserts="4" />
          <test-case id="1033" name="InvalidOption" fullname="NUnitLite.Tests.CommandLineTests.InvalidOption" methodname="InvalidOption" classname="NUnitLite.Tests.CommandLineTests" runstate="Runnable" seed="1277602023" result="Passed" start-time="2016-05-25 12:38:21Z" end-time="2016-05-25 12:38:21Z" duration="0.000462" asserts="3" />
          <test-suite type="ParameterizedMethod" id="1030" name="MissingValuesAreReported" fullname="NUnitLite.Tests.CommandLineTests.MissingValuesAreReported" classname="NUnitLite.Tests.CommandLineTests" runstate="Runnable" testcasecount="6" result="Passed" start-time="2016-05-25 12:38:21Z" end-time="2016-05-25 12:38:21Z" duration="0.001239" total="6" passed="6" failed="0" inconclusive="0" skipped="0" asserts="12">
            <test-case id="1024" name="MissingValuesAreReported(&quot;--where&quot;)" fullname="NUnitLite.Tests.CommandLineTests.MissingValuesAreReported(&quot;--where&quot;)" methodname="MissingValuesAreReported" classname="NUnitLite.Tests.CommandLineTests" runstate="Runnable" seed="1095925880" result="Passed" start-time="2016-05-25 12:38:21Z" end-time="2016-05-25 12:38:21Z" duration="0.000303" asserts="2" />
            <test-case id="1025" name="MissingValuesAreReported(&quot;--timeout&quot;)" fullname="NUnitLite.Tests.CommandLineTests.MissingValuesAreReported(&quot;--timeout&quot;)" methodname="MissingValuesAreReported" classname="NUnitLite.Tests.CommandLineTests" runstate="Runnable" seed="2130721820" result="Passed" start-time="2016-05-25 12:38:21Z" end-time="2016-05-25 12:38:21Z" duration="0.000080" asserts="2" />
            <test-case id="1026" name="MissingValuesAreReported(&quot;--output&quot;)" fullname="NUnitLite.Tests.CommandLineTests.MissingValuesAreReported(&quot;--output&quot;)" methodname="MissingValuesAreReported" classname="NUnitLite.Tests.CommandLineTests" runstate="Runnable" seed="771982153" result="Passed" start-time="2016-05-25 12:38:21Z" end-time="2016-05-25 12:38:21Z" duration="0.000081" asserts="2" />
            <test-case id="1027" name="MissingValuesAreReported(&quot;--err&quot;)" fullname="NUnitLite.Tests.CommandLineTests.MissingValuesAreReported(&quot;--err&quot;)" methodname="MissingValuesAreReported" classname="NUnitLite.Tests.CommandLineTests" runstate="Runnable" seed="476531154" result="Passed" start-time="2016-05-25 12:38:21Z" end-time="2016-05-25 12:38:21Z" duration="0.000073" asserts="2" />
            <test-case id="1028" name="MissingValuesAreReported(&quot;--work&quot;)" fullname="NUnitLite.Tests.CommandLineTests.MissingValuesAreReported(&quot;--work&quot;)" methodname="MissingValuesAreReported" classname="NUnitLite.Tests.CommandLineTests" runstate="Runnable" seed="907890977" result="Passed" start-time="2016-05-25 12:38:21Z" end-time="2016-05-25 12:38:21Z" duration="0.000066" asserts="2" />
            <test-case id="1029" name="MissingValuesAreReported(&quot;--trace&quot;)" fullname="NUnitLite.Tests.CommandLineTests.MissingValuesAreReported(&quot;--trace&quot;)" methodname="MissingValuesAreReported" classname="NUnitLite.Tests.CommandLineTests" runstate="Runnable" seed="1608849100" result="Passed" start-time="2016-05-25 12:38:21Z" end-time="2016-05-25 12:38:21Z" duration="0.000064" asserts="2" />
          </test-suite>
          <test-case id="1001" name="NoInputFiles" fullname="NUnitLite.Tests.CommandLineTests.NoInputFiles" methodname="NoInputFiles" classname="NUnitLite.Tests.CommandLineTests" runstate="Runnable" seed="276146327" result="Passed" start-time="2016-05-25 12:38:21Z" end-time="2016-05-25 12:38:21Z" duration="0.000231" asserts="2" />
          <test-case id="1047" name="NoResultSuppressesAllResultSpecifications" fullname="NUnitLite.Tests.CommandLineTests.NoResultSuppressesAllResultSpecifications" methodname="NoResultSuppressesAllResultSpecifications" classname="NUnitLite.Tests.CommandLineTests" runstate="Runnable" seed="159079859" result="Passed" start-time="2016-05-25 12:38:21Z" end-time="2016-05-25 12:38:21Z" duration="0.000464" asserts="1" />
          <test-case id="1046" name="NoResultSuppressesDefaultResultSpecification" fullname="NUnitLite.Tests.CommandLineTests.NoResultSuppressesDefaultResultSpecification" methodname="NoResultSuppressesDefaultResultSpecification" classname="NUnitLite.Tests.CommandLineTests" runstate="Runnable" seed="1925231949" result="Passed" start-time="2016-05-25 12:38:21Z" end-time="2016-05-25 12:38:21Z" duration="0.000236" asserts="1" />
          <test-case id="1044" name="ResultOptionMayBeRepeated" fullname="NUnitLite.Tests.CommandLineTests.ResultOptionMayBeRepeated" methodname="ResultOptionMayBeRepeated" classname="NUnitLite.Tests.CommandLineTests" runstate="Runnable" seed="1015269898" result="Passed" start-time="2016-05-25 12:38:21Z" end-time="2016-05-25 12:38:21Z" duration="0.000700" asserts="11" />
          <test-case id="1040" name="ResultOptionWithFilePath" fullname="NUnitLite.Tests.CommandLineTests.ResultOptionWithFilePath" methodname="ResultOptionWithFilePath" classname="NUnitLite.Tests.CommandLineTests" runstate="Runnable" seed="1229847644" result="Passed" start-time="2016-05-25 12:38:21Z" end-time="2016-05-25 12:38:21Z" duration="0.000471" asserts="6" />
          <test-case id="1041" name="ResultOptionWithFilePathAndFormat" fullname="NUnitLite.Tests.CommandLineTests.ResultOptionWithFilePathAndFormat" methodname="ResultOptionWithFilePathAndFormat" classname="NUnitLite.Tests.CommandLineTests" runstate="Runnable" seed="433726573" result="Passed" start-time="2016-05-25 12:38:21Z" end-time="2016-05-25 12:38:21Z" duration="0.000435" asserts="6" />
          <test-case id="1042" name="ResultOptionWithFilePathAndTransform" fullname="NUnitLite.Tests.CommandLineTests.ResultOptionWithFilePathAndTransform" methodname="ResultOptionWithFilePathAndTransform" classname="NUnitLite.Tests.CommandLineTests" runstate="Runnable" seed="1377018953" result="Passed" start-time="2016-05-25 12:38:21Z" end-time="2016-05-25 12:38:21Z" duration="0.000611" asserts="6" />
          <test-case id="1043" name="ResultOptionWithoutFileNameIsInvalid" fullname="NUnitLite.Tests.CommandLineTests.ResultOptionWithoutFileNameIsInvalid" methodname="ResultOptionWithoutFileNameIsInvalid" classname="NUnitLite.Tests.CommandLineTests" runstate="Runnable" seed="179271309" result="Passed" start-time="2016-05-25 12:38:21Z" end-time="2016-05-25 12:38:21Z" duration="0.000448" asserts="2" />
          <test-suite type="ParameterizedMethod" id="1059" name="ShouldSetTeamCityFlagAccordingToArgsAndDefauls" fullname="NUnitLite.Tests.CommandLineTests.ShouldSetTeamCityFlagAccordingToArgsAndDefauls" classname="NUnitLite.Tests.CommandLineTests" runstate="Runnable" testcasecount="6" result="Passed" start-time="2016-05-25 12:38:21Z" end-time="2016-05-25 12:38:21Z" duration="0.002652" total="6" passed="6" failed="0" inconclusive="0" skipped="0" asserts="6">
            <test-case id="1053" name="ShouldSetTeamCityFlagAccordingToArgsAndDefauls(True,null,True)" fullname="NUnitLite.Tests.CommandLineTests.ShouldSetTeamCityFlagAccordingToArgsAndDefauls(True,null,True)" methodname="ShouldSetTeamCityFlagAccordingToArgsAndDefauls" classname="NUnitLite.Tests.CommandLineTests" runstate="Runnable" seed="74490552" result="Passed" start-time="2016-05-25 12:38:21Z" end-time="2016-05-25 12:38:21Z" duration="0.000576" asserts="1" />
            <test-case id="1054" name="ShouldSetTeamCityFlagAccordingToArgsAndDefauls(False,null,False)" fullname="NUnitLite.Tests.CommandLineTests.ShouldSetTeamCityFlagAccordingToArgsAndDefauls(False,null,False)" methodname="ShouldSetTeamCityFlagAccordingToArgsAndDefauls" classname="NUnitLite.Tests.CommandLineTests" runstate="Runnable" seed="1362191165" result="Passed" start-time="2016-05-25 12:38:21Z" end-time="2016-05-25 12:38:21Z" duration="0.000147" asserts="1" />
            <test-case id="1055" name="ShouldSetTeamCityFlagAccordingToArgsAndDefauls(True,False,True)" fullname="NUnitLite.Tests.CommandLineTests.ShouldSetTeamCityFlagAccordingToArgsAndDefauls(True,False,True)" methodname="ShouldSetTeamCityFlagAccordingToArgsAndDefauls" classname="NUnitLite.Tests.CommandLineTests" runstate="Runnable" seed="672164215" result="Passed" start-time="2016-05-25 12:38:21Z" end-time="2016-05-25 12:38:21Z" duration="0.001140" asserts="1" />
            <test-case id="1056" name="ShouldSetTeamCityFlagAccordingToArgsAndDefauls(False,False,False)" fullname="NUnitLite.Tests.CommandLineTests.ShouldSetTeamCityFlagAccordingToArgsAndDefauls(False,False,False)" methodname="ShouldSetTeamCityFlagAccordingToArgsAndDefauls" classname="NUnitLite.Tests.CommandLineTests" runstate="Runnable" seed="57181521" result="Passed" start-time="2016-05-25 12:38:21Z" end-time="2016-05-25 12:38:21Z" duration="0.000096" asserts="1" />
            <test-case id="1057" name="ShouldSetTeamCityFlagAccordingToArgsAndDefauls(True,True,True)" fullname="NUnitLite.Tests.CommandLineTests.ShouldSetTeamCityFlagAccordingToArgsAndDefauls(True,True,True)" methodname="ShouldSetTeamCityFlagAccordingToArgsAndDefauls" classname="NUnitLite.Tests.CommandLineTests" runstate="Runnable" seed="956839462" result="Passed" start-time="2016-05-25 12:38:21Z" end-time="2016-05-25 12:38:21Z" duration="0.000076" asserts="1" />
            <test-case id="1058" name="ShouldSetTeamCityFlagAccordingToArgsAndDefauls(False,True,True)" fullname="NUnitLite.Tests.CommandLineTests.ShouldSetTeamCityFlagAccordingToArgsAndDefauls(False,True,True)" methodname="ShouldSetTeamCityFlagAccordingToArgsAndDefauls" classname="NUnitLite.Tests.CommandLineTests" runstate="Runnable" seed="373381480" result="Passed" start-time="2016-05-25 12:38:21Z" end-time="2016-05-25 12:38:21Z" duration="0.000069" asserts="1" />
          </test-suite>
          <test-case id="1038" name="TimeoutCausesErrorIfValueIsNotInteger" fullname="NUnitLite.Tests.CommandLineTests.TimeoutCausesErrorIfValueIsNotInteger" methodname="TimeoutCausesErrorIfValueIsNotInteger" classname="NUnitLite.Tests.CommandLineTests" runstate="Runnable" seed="973252387" result="Passed" start-time="2016-05-25 12:38:21Z" end-time="2016-05-25 12:38:21Z" duration="0.000796" asserts="2" />
          <test-case id="1035" name="TimeoutIsMinusOneIfNoOptionIsProvided" fullname="NUnitLite.Tests.CommandLineTests.TimeoutIsMinusOneIfNoOptionIsProvided" methodname="TimeoutIsMinusOneIfNoOptionIsProvided" classname="NUnitLite.Tests.CommandLineTests" runstate="Runnable" seed="294228003" result="Passed" start-time="2016-05-25 12:38:21Z" end-time="2016-05-25 12:38:21Z" duration="0.000234" asserts="2" />
          <test-case id="1037" name="TimeoutParsesIntValueCorrectly" fullname="NUnitLite.Tests.CommandLineTests.TimeoutParsesIntValueCorrectly" methodname="TimeoutParsesIntValueCorrectly" classname="NUnitLite.Tests.CommandLineTests" runstate="Runnable" seed="420945726" result="Passed" start-time="2016-05-25 12:38:21Z" end-time="2016-05-25 12:38:21Z" duration="0.000233" asserts="2" />
          <test-case id="1036" name="TimeoutThrowsExceptionIfOptionHasNoValue" fullname="NUnitLite.Tests.CommandLineTests.TimeoutThrowsExceptionIfOptionHasNoValue" methodname="TimeoutThrowsExceptionIfOptionHasNoValue" classname="NUnitLite.Tests.CommandLineTests" runstate="Runnable" seed="907620251" result="Passed" start-time="2016-05-25 12:38:21Z" end-time="2016-05-25 12:38:21Z" duration="0.002295" asserts="1" />
        </test-suite>
        <test-suite type="TestFixture" id="1060" name="CreateTestFilterTests" fullname="NUnitLite.Tests.CreateTestFilterTests" classname="NUnitLite.Tests.CreateTestFilterTests" runstate="Runnable" testcasecount="8" result="Passed" start-time="2016-05-25 12:38:21Z" end-time="2016-05-25 12:38:21Z" duration="0.073660" total="8" passed="8" failed="0" inconclusive="0" skipped="0" asserts="48">
          <test-case id="1061" name="EmptyFilter" fullname="NUnitLite.Tests.CreateTestFilterTests.EmptyFilter" methodname="EmptyFilter" classname="NUnitLite.Tests.CreateTestFilterTests" runstate="Runnable" seed="691359758" result="Passed" start-time="2016-05-25 12:38:21Z" end-time="2016-05-25 12:38:21Z" duration="0.006886" asserts="1" />
          <test-case id="1062" name="OneTestSelected" fullname="NUnitLite.Tests.CreateTestFilterTests.OneTestSelected" methodname="OneTestSelected" classname="NUnitLite.Tests.CreateTestFilterTests" runstate="Runnable" seed="1475093788" result="Passed" start-time="2016-05-25 12:38:21Z" end-time="2016-05-25 12:38:21Z" duration="0.009817" asserts="2" />
          <test-case id="1065" name="SixTestsFromTwoTestListFiles" fullname="NUnitLite.Tests.CreateTestFilterTests.SixTestsFromTwoTestListFiles" methodname="SixTestsFromTwoTestListFiles" classname="NUnitLite.Tests.CreateTestFilterTests" runstate="Runnable" seed="327644770" result="Passed" start-time="2016-05-25 12:38:21Z" end-time="2016-05-25 12:38:21Z" duration="0.016135" asserts="14" />
          <test-case id="1066" name="TestListFileMissing" fullname="NUnitLite.Tests.CreateTestFilterTests.TestListFileMissing" methodname="TestListFileMissing" classname="NUnitLite.Tests.CreateTestFilterTests" runstate="Runnable" seed="874971133" result="Passed" start-time="2016-05-25 12:38:21Z" end-time="2016-05-25 12:38:21Z" duration="0.002819" asserts="3" />
          <test-case id="1064" name="ThreeTestsFromATestListFile" fullname="NUnitLite.Tests.CreateTestFilterTests.ThreeTestsFromATestListFile" methodname="ThreeTestsFromATestListFile" classname="NUnitLite.Tests.CreateTestFilterTests" runstate="Runnable" seed="1015910739" result="Passed" start-time="2016-05-25 12:38:21Z" end-time="2016-05-25 12:38:21Z" duration="0.002096" asserts="8" />
          <test-case id="1063" name="ThreeTestsSelected" fullname="NUnitLite.Tests.CreateTestFilterTests.ThreeTestsSelected" methodname="ThreeTestsSelected" classname="NUnitLite.Tests.CreateTestFilterTests" runstate="Runnable" seed="2076820666" result="Passed" start-time="2016-05-25 12:38:21Z" end-time="2016-05-25 12:38:21Z" duration="0.001161" asserts="8" />
          <test-case id="1068" name="TwoTestsAndWhereClauseSpecified" fullname="NUnitLite.Tests.CreateTestFilterTests.TwoTestsAndWhereClauseSpecified" methodname="TwoTestsAndWhereClauseSpecified" classname="NUnitLite.Tests.CreateTestFilterTests" runstate="Runnable" seed="930767480" result="Passed" start-time="2016-05-25 12:38:21Z" end-time="2016-05-25 12:38:21Z" duration="0.025396" asserts="10" />
          <test-case id="1067" name="WhereClauseSpecified" fullname="NUnitLite.Tests.CreateTestFilterTests.WhereClauseSpecified" methodname="WhereClauseSpecified" classname="NUnitLite.Tests.CreateTestFilterTests" runstate="Runnable" seed="1881564657" result="Passed" start-time="2016-05-25 12:38:21Z" end-time="2016-05-25 12:38:21Z" duration="0.000454" asserts="2" />
        </test-suite>
        <test-suite type="TestFixture" id="1073" name="NUnit2XmlOutputWriterTests" fullname="NUnitLite.Tests.NUnit2XmlOutputWriterTests" classname="NUnitLite.Tests.NUnit2XmlOutputWriterTests" runstate="Runnable" testcasecount="38" result="Failed" site="Child" start-time="2016-05-25 12:38:21Z" end-time="2016-05-25 12:38:21Z" duration="0.089220" total="38" passed="37" failed="1" inconclusive="0" skipped="0" asserts="60">
          <failure>
            <message><![CDATA[One or more child tests had errors]]></message>
          </failure>
          <test-case id="1101" name="CultureInfo_HasCultureInfoElement" fullname="NUnitLite.Tests.NUnit2XmlOutputWriterTests.CultureInfo_HasCultureInfoElement" methodname="CultureInfo_HasCultureInfoElement" classname="NUnitLite.Tests.NUnit2XmlOutputWriterTests" runstate="Runnable" seed="1071038054" result="Passed" start-time="2016-05-25 12:38:21Z" end-time="2016-05-25 12:38:21Z" duration="0.000413" asserts="1" />
          <test-suite type="ParameterizedMethod" id="1104" name="CultureInfo_HasRequiredAttribute" fullname="NUnitLite.Tests.NUnit2XmlOutputWriterTests.CultureInfo_HasRequiredAttribute" classname="NUnitLite.Tests.NUnit2XmlOutputWriterTests" runstate="Runnable" testcasecount="2" result="Passed" start-time="2016-05-25 12:38:21Z" end-time="2016-05-25 12:38:21Z" duration="0.001023" total="2" passed="2" failed="0" inconclusive="0" skipped="0" asserts="4">
            <test-case id="1102" name="CultureInfo_HasRequiredAttribute(&quot;current-culture&quot;)" fullname="NUnitLite.Tests.NUnit2XmlOutputWriterTests.CultureInfo_HasRequiredAttribute(&quot;current-culture&quot;)" methodname="CultureInfo_HasRequiredAttribute" classname="NUnitLite.Tests.NUnit2XmlOutputWriterTests" runstate="Runnable" seed="524742475" result="Passed" start-time="2016-05-25 12:38:21Z" end-time="2016-05-25 12:38:21Z" duration="0.000771" asserts="2" />
            <test-case id="1103" name="CultureInfo_HasRequiredAttribute(&quot;current-uiculture&quot;)" fullname="NUnitLite.Tests.NUnit2XmlOutputWriterTests.CultureInfo_HasRequiredAttribute(&quot;current-uiculture&quot;)" methodname="CultureInfo_HasRequiredAttribute" classname="NUnitLite.Tests.NUnit2XmlOutputWriterTests" runstate="Runnable" seed="1029138392" result="Passed" start-time="2016-05-25 12:38:21Z" end-time="2016-05-25 12:38:21Z" duration="0.000049" asserts="2" />
          </test-suite>
          <test-case id="1075" name="Document_FirstChildIsXmlDeclaration" fullname="NUnitLite.Tests.NUnit2XmlOutputWriterTests.Document_FirstChildIsXmlDeclaration" methodname="Document_FirstChildIsXmlDeclaration" classname="NUnitLite.Tests.NUnit2XmlOutputWriterTests" runstate="Runnable" seed="775371172" result="Passed" start-time="2016-05-25 12:38:21Z" end-time="2016-05-25 12:38:21Z" duration="0.001936" asserts="2" />
          <test-case id="1078" name="Document_HasTestResults" fullname="NUnitLite.Tests.NUnit2XmlOutputWriterTests.Document_HasTestResults" methodname="Document_HasTestResults" classname="NUnitLite.Tests.NUnit2XmlOutputWriterTests" runstate="Runnable" seed="1071975530" result="Passed" start-time="2016-05-25 12:38:21Z" end-time="2016-05-25 12:38:21Z" duration="0.000228" asserts="2" />
          <test-case id="1074" name="Document_HasThreeChildren" fullname="NUnitLite.Tests.NUnit2XmlOutputWriterTests.Document_HasThreeChildren" methodname="Document_HasThreeChildren" classname="NUnitLite.Tests.NUnit2XmlOutputWriterTests" runstate="Runnable" seed="835867826" result="Passed" start-time="2016-05-25 12:38:21Z" end-time="2016-05-25 12:38:21Z" duration="0.000150" asserts="1" />
          <test-case id="1076" name="Document_SecondChildIsComment" fullname="NUnitLite.Tests.NUnit2XmlOutputWriterTests.Document_SecondChildIsComment" methodname="Document_SecondChildIsComment" classname="NUnitLite.Tests.NUnit2XmlOutputWriterTests" runstate="Runnable" seed="1523635690" result="Passed" start-time="2016-05-25 12:38:21Z" end-time="2016-05-25 12:38:21Z" duration="0.000184" asserts="1" />
          <test-case id="1077" name="Document_ThirdChildIsTestResults" fullname="NUnitLite.Tests.NUnit2XmlOutputWriterTests.Document_ThirdChildIsTestResults" methodname="Document_ThirdChildIsTestResults" classname="NUnitLite.Tests.NUnit2XmlOutputWriterTests" runstate="Runnable" seed="1406121632" result="Passed" start-time="2016-05-25 12:38:21Z" end-time="2016-05-25 12:38:21Z" duration="0.000205" asserts="1" />
          <test-case id="1091" name="Environment_HasEnvironmentElement" fullname="NUnitLite.Tests.NUnit2XmlOutputWriterTests.Environment_HasEnvironmentElement" methodname="Environment_HasEnvironmentElement" classname="NUnitLite.Tests.NUnit2XmlOutputWriterTests" runstate="Runnable" seed="1721708743" result="Passed" start-time="2016-05-25 12:38:21Z" end-time="2016-05-25 12:38:21Z" duration="0.000136" asserts="1" />
          <test-suite type="ParameterizedMethod" id="1100" name="Environment_HasRequiredAttribute" fullname="NUnitLite.Tests.NUnit2XmlOutputWriterTests.Environment_HasRequiredAttribute" classname="NUnitLite.Tests.NUnit2XmlOutputWriterTests" runstate="Runnable" testcasecount="8" result="Passed" start-time="2016-05-25 12:38:21Z" end-time="2016-05-25 12:38:21Z" duration="0.000923" total="8" passed="8" failed="0" inconclusive="0" skipped="0" asserts="8">
            <test-case id="1092" name="Environment_HasRequiredAttribute(&quot;nunit-version&quot;)" fullname="NUnitLite.Tests.NUnit2XmlOutputWriterTests.Environment_HasRequiredAttribute(&quot;nunit-version&quot;)" methodname="Environment_HasRequiredAttribute" classname="NUnitLite.Tests.NUnit2XmlOutputWriterTests" runstate="Runnable" seed="944104089" result="Passed" start-time="2016-05-25 12:38:21Z" end-time="2016-05-25 12:38:21Z" duration="0.000141" asserts="1" />
            <test-case id="1093" name="Environment_HasRequiredAttribute(&quot;clr-version&quot;)" fullname="NUnitLite.Tests.NUnit2XmlOutputWriterTests.Environment_HasRequiredAttribute(&quot;clr-version&quot;)" methodname="Environment_HasRequiredAttribute" classname="NUnitLite.Tests.NUnit2XmlOutputWriterTests" runstate="Runnable" seed="1265956060" result="Passed" start-time="2016-05-25 12:38:21Z" end-time="2016-05-25 12:38:21Z" duration="0.000036" asserts="1" />
            <test-case id="1094" name="Environment_HasRequiredAttribute(&quot;os-version&quot;)" fullname="NUnitLite.Tests.NUnit2XmlOutputWriterTests.Environment_HasRequiredAttribute(&quot;os-version&quot;)" methodname="Environment_HasRequiredAttribute" classname="NUnitLite.Tests.NUnit2XmlOutputWriterTests" runstate="Runnable" seed="672204677" result="Passed" start-time="2016-05-25 12:38:21Z" end-time="2016-05-25 12:38:21Z" duration="0.000056" asserts="1" />
            <test-case id="1095" name="Environment_HasRequiredAttribute(&quot;platform&quot;)" fullname="NUnitLite.Tests.NUnit2XmlOutputWriterTests.Environment_HasRequiredAttribute(&quot;platform&quot;)" methodname="Environment_HasRequiredAttribute" classname="NUnitLite.Tests.NUnit2XmlOutputWriterTests" runstate="Runnable" seed="1157282492" result="Passed" start-time="2016-05-25 12:38:21Z" end-time="2016-05-25 12:38:21Z" duration="0.000032" asserts="1" />
            <test-case id="1096" name="Environment_HasRequiredAttribute(&quot;cwd&quot;)" fullname="NUnitLite.Tests.NUnit2XmlOutputWriterTests.Environment_HasRequiredAttribute(&quot;cwd&quot;)" methodname="Environment_HasRequiredAttribute" classname="NUnitLite.Tests.NUnit2XmlOutputWriterTests" runstate="Runnable" seed="985067102" result="Passed" start-time="2016-05-25 12:38:21Z" end-time="2016-05-25 12:38:21Z" duration="0.000031" asserts="1" />
            <test-case id="1097" name="Environment_HasRequiredAttribute(&quot;machine-name&quot;)" fullname="NUnitLite.Tests.NUnit2XmlOutputWriterTests.Environment_HasRequiredAttribute(&quot;machine-name&quot;)" methodname="Environment_HasRequiredAttribute" classname="NUnitLite.Tests.NUnit2XmlOutputWriterTests" runstate="Runnable" seed="2100293242" result="Passed" start-time="2016-05-25 12:38:21Z" end-time="2016-05-25 12:38:21Z" duration="0.000032" asserts="1" />
            <test-case id="1098" name="Environment_HasRequiredAttribute(&quot;user&quot;)" fullname="NUnitLite.Tests.NUnit2XmlOutputWriterTests.Environment_HasRequiredAttribute(&quot;user&quot;)" methodname="Environment_HasRequiredAttribute" classname="NUnitLite.Tests.NUnit2XmlOutputWriterTests" runstate="Runnable" seed="197005477" result="Passed" start-time="2016-05-25 12:38:21Z" end-time="2016-05-25 12:38:21Z" duration="0.000032" asserts="1" />
            <test-case id="1099" name="Environment_HasRequiredAttribute(&quot;user-domain&quot;)" fullname="NUnitLite.Tests.NUnit2XmlOutputWriterTests.Environment_HasRequiredAttribute(&quot;user-domain&quot;)" methodname="Environment_HasRequiredAttribute" classname="NUnitLite.Tests.NUnit2XmlOutputWriterTests" runstate="Runnable" seed="546589202" result="Passed" start-time="2016-05-25 12:38:21Z" end-time="2016-05-25 12:38:21Z" duration="0.000030" asserts="1" />
          </test-suite>
          <test-case id="1079" name="TestResults_AssemblyPathIsCorrect" fullname="NUnitLite.Tests.NUnit2XmlOutputWriterTests.TestResults_AssemblyPathIsCorrect" methodname="TestResults_AssemblyPathIsCorrect" classname="NUnitLite.Tests.NUnit2XmlOutputWriterTests" runstate="Runnable" seed="309058612" result="Passed" start-time="2016-05-25 12:38:21Z" end-time="2016-05-25 12:38:21Z" duration="0.000160" asserts="2" />
          <test-suite type="ParameterizedMethod" id="1088" name="TestResults_CounterIsCorrect" fullname="NUnitLite.Tests.NUnit2XmlOutputWriterTests.TestResults_CounterIsCorrect" classname="NUnitLite.Tests.NUnit2XmlOutputWriterTests" runstate="Runnable" testcasecount="8" result="Passed" start-time="2016-05-25 12:38:21Z" end-time="2016-05-25 12:38:21Z" duration="0.000973" total="8" passed="8" failed="0" inconclusive="0" skipped="0" asserts="16">
            <test-case id="1080" name="TestResults_CounterIsCorrect(&quot;total&quot;,8)" fullname="NUnitLite.Tests.NUnit2XmlOutputWriterTests.TestResults_CounterIsCorrect(&quot;total&quot;,8)" methodname="TestResults_CounterIsCorrect" classname="NUnitLite.Tests.NUnit2XmlOutputWriterTests" runstate="Runnable" seed="277417851" result="Passed" start-time="2016-05-25 12:38:21Z" end-time="2016-05-25 12:38:21Z" duration="0.000189" asserts="2" />
            <test-case id="1081" name="TestResults_CounterIsCorrect(&quot;errors&quot;,1)" fullname="NUnitLite.Tests.NUnit2XmlOutputWriterTests.TestResults_CounterIsCorrect(&quot;errors&quot;,1)" methodname="TestResults_CounterIsCorrect" classname="NUnitLite.Tests.NUnit2XmlOutputWriterTests" runstate="Runnable" seed="1305828326" result="Passed" start-time="2016-05-25 12:38:21Z" end-time="2016-05-25 12:38:21Z" duration="0.000046" asserts="2" />
            <test-case id="1082" name="TestResults_CounterIsCorrect(&quot;failures&quot;,1)" fullname="NUnitLite.Tests.NUnit2XmlOutputWriterTests.TestResults_CounterIsCorrect(&quot;failures&quot;,1)" methodname="TestResults_CounterIsCorrect" classname="NUnitLite.Tests.NUnit2XmlOutputWriterTests" runstate="Runnable" seed="272804093" result="Passed" start-time="2016-05-25 12:38:21Z" end-time="2016-05-25 12:38:21Z" duration="0.000044" asserts="2" />
            <test-case id="1083" name="TestResults_CounterIsCorrect(&quot;inconclusive&quot;,1)" fullname="NUnitLite.Tests.NUnit2XmlOutputWriterTests.TestResults_CounterIsCorrect(&quot;inconclusive&quot;,1)" methodname="TestResults_CounterIsCorrect" classname="NUnitLite.Tests.NUnit2XmlOutputWriterTests" runstate="Runnable" seed="370476482" result="Passed" start-time="2016-05-25 12:38:21Z" end-time="2016-05-25 12:38:21Z" duration="0.000039" asserts="2" />
            <test-case id="1084" name="TestResults_CounterIsCorrect(&quot;not-run&quot;,3)" fullname="NUnitLite.Tests.NUnit2XmlOutputWriterTests.TestResults_CounterIsCorrect(&quot;not-run&quot;,3)" methodname="TestResults_CounterIsCorrect" classname="NUnitLite.Tests.NUnit2XmlOutputWriterTests" runstate="Runnable" seed="1342612059" result="Passed" start-time="2016-05-25 12:38:21Z" end-time="2016-05-25 12:38:21Z" duration="0.000036" asserts="2" />
            <test-case id="1085" name="TestResults_CounterIsCorrect(&quot;ignored&quot;,1)" fullname="NUnitLite.Tests.NUnit2XmlOutputWriterTests.TestResults_CounterIsCorrect(&quot;ignored&quot;,1)" methodname="TestResults_CounterIsCorrect" classname="NUnitLite.Tests.NUnit2XmlOutputWriterTests" runstate="Runnable" seed="939721638" result="Passed" start-time="2016-05-25 12:38:21Z" end-time="2016-05-25 12:38:21Z" duration="0.000039" asserts="2" />
            <test-case id="1086" name="TestResults_CounterIsCorrect(&quot;skipped&quot;,0)" fullname="NUnitLite.Tests.NUnit2XmlOutputWriterTests.TestResults_CounterIsCorrect(&quot;skipped&quot;,0)" methodname="TestResults_CounterIsCorrect" classname="NUnitLite.Tests.NUnit2XmlOutputWriterTests" runstate="Runnable" seed="1719398987" result="Passed" start-time="2016-05-25 12:38:21Z" end-time="2016-05-25 12:38:21Z" duration="0.000038" asserts="2" />
            <test-case id="1087" name="TestResults_CounterIsCorrect(&quot;invalid&quot;,2)" fullname="NUnitLite.Tests.NUnit2XmlOutputWriterTests.TestResults_CounterIsCorrect(&quot;invalid&quot;,2)" methodname="TestResults_CounterIsCorrect" classname="NUnitLite.Tests.NUnit2XmlOutputWriterTests" runstate="Runnable" seed="541929864" result="Passed" start-time="2016-05-25 12:38:21Z" end-time="2016-05-25 12:38:21Z" duration="0.000041" asserts="2" />
          </test-suite>
          <test-case id="1089" name="TestResults_HasValidDateAttribute" fullname="NUnitLite.Tests.NUnit2XmlOutputWriterTests.TestResults_HasValidDateAttribute" methodname="TestResults_HasValidDateAttribute" classname="NUnitLite.Tests.NUnit2XmlOutputWriterTests" runstate="Runnable" seed="2086081882" result="Passed" start-time="2016-05-25 12:38:21Z" end-time="2016-05-25 12:38:21Z" duration="0.001561" asserts="2" />
          <test-case id="1090" name="TestResults_HasValidTimeAttribute" fullname="NUnitLite.Tests.NUnit2XmlOutputWriterTests.TestResults_HasValidTimeAttribute" methodname="TestResults_HasValidTimeAttribute" classname="NUnitLite.Tests.NUnit2XmlOutputWriterTests" runstate="Runnable" seed="4648744" result="Passed" start-time="2016-05-25 12:38:21Z" end-time="2016-05-25 12:38:21Z" duration="0.000530" asserts="2" />
          <test-suite type="ParameterizedMethod" id="1113" name="TestSuite_ExpectedAttribute" fullname="NUnitLite.Tests.NUnit2XmlOutputWriterTests.TestSuite_ExpectedAttribute" classname="NUnitLite.Tests.NUnit2XmlOutputWriterTests" runstate="Runnable" testcasecount="7" result="Passed" start-time="2016-05-25 12:38:21Z" end-time="2016-05-25 12:38:21Z" duration="0.000914" total="7" passed="7" failed="0" inconclusive="0" skipped="0" asserts="14">
            <test-case id="1106" name="TestSuite_ExpectedAttribute(&quot;type&quot;,&quot;TestFixture&quot;)" fullname="NUnitLite.Tests.NUnit2XmlOutputWriterTests.TestSuite_ExpectedAttribute(&quot;type&quot;,&quot;TestFixture&quot;)" methodname="TestSuite_ExpectedAttribute" classname="NUnitLite.Tests.NUnit2XmlOutputWriterTests" runstate="Runnable" seed="642027511" result="Passed" start-time="2016-05-25 12:38:21Z" end-time="2016-05-25 12:38:21Z" duration="0.000203" asserts="2" />
            <test-case id="1107" name="TestSuite_ExpectedAttribute(&quot;name&quot;,&quot;MockTestFixture&quot;)" fullname="NUnitLite.Tests.NUnit2XmlOutputWriterTests.TestSuite_ExpectedAttribute(&quot;name&quot;,&quot;MockTestFixture&quot;)" methodname="TestSuite_ExpectedAttribute" classname="NUnitLite.Tests.NUnit2XmlOutputWriterTests" runstate="Runnable" seed="2119004045" result="Passed" start-time="2016-05-25 12:38:21Z" end-time="2016-05-25 12:38:21Z" duration="0.000042" asserts="2" />
            <test-case id="1108" name="TestSuite_ExpectedAttribute(&quot;description&quot;,&quot;Fake Test Fixture&quot;)" fullname="NUnitLite.Tests.NUnit2XmlOutputWriterTests.TestSuite_ExpectedAttribute(&quot;description&quot;,&quot;Fake Test Fixture&quot;)" methodname="TestSuite_ExpectedAttribute" classname="NUnitLite.Tests.NUnit2XmlOutputWriterTests" runstate="Runnable" seed="879635296" result="Passed" start-time="2016-05-25 12:38:21Z" end-time="2016-05-25 12:38:21Z" duration="0.000044" asserts="2" />
            <test-case id="1109" name="TestSuite_ExpectedAttribute(&quot;executed&quot;,&quot;True&quot;)" fullname="NUnitLite.Tests.NUnit2XmlOutputWriterTests.TestSuite_ExpectedAttribute(&quot;executed&quot;,&quot;True&quot;)" methodname="TestSuite_ExpectedAttribute" classname="NUnitLite.Tests.NUnit2XmlOutputWriterTests" runstate="Runnable" seed="371715790" result="Passed" start-time="2016-05-25 12:38:21Z" end-time="2016-05-25 12:38:21Z" duration="0.000043" asserts="2" />
            <test-case id="1110" name="TestSuite_ExpectedAttribute(&quot;result&quot;,&quot;Failure&quot;)" fullname="NUnitLite.Tests.NUnit2XmlOutputWriterTests.TestSuite_ExpectedAttribute(&quot;result&quot;,&quot;Failure&quot;)" methodname="TestSuite_ExpectedAttribute" classname="NUnitLite.Tests.NUnit2XmlOutputWriterTests" runstate="Runnable" seed="1252229664" result="Passed" start-time="2016-05-25 12:38:21Z" end-time="2016-05-25 12:38:21Z" duration="0.000037" asserts="2" />
            <test-case id="1111" name="TestSuite_ExpectedAttribute(&quot;success&quot;,&quot;False&quot;)" fullname="NUnitLite.Tests.NUnit2XmlOutputWriterTests.TestSuite_ExpectedAttribute(&quot;success&quot;,&quot;False&quot;)" methodname="TestSuite_ExpectedAttribute" classname="NUnitLite.Tests.NUnit2XmlOutputWriterTests" runstate="Runnable" seed="1814054124" result="Passed" start-time="2016-05-25 12:38:21Z" end-time="2016-05-25 12:38:21Z" duration="0.000034" asserts="2" />
            <test-case id="1112" name="TestSuite_ExpectedAttribute(&quot;asserts&quot;,&quot;0&quot;)" fullname="NUnitLite.Tests.NUnit2XmlOutputWriterTests.TestSuite_ExpectedAttribute(&quot;asserts&quot;,&quot;0&quot;)" methodname="TestSuite_ExpectedAttribute" classname="NUnitLite.Tests.NUnit2XmlOutputWriterTests" runstate="Runnable" seed="479438685" result="Passed" start-time="2016-05-25 12:38:21Z" end-time="2016-05-25 12:38:21Z" duration="0.000043" asserts="2" />
          </test-suite>
          <test-case id="1105" name="TestSuite_HasTestSuiteElement" fullname="NUnitLite.Tests.NUnit2XmlOutputWriterTests.TestSuite_HasTestSuiteElement" methodname="TestSuite_HasTestSuiteElement" classname="NUnitLite.Tests.NUnit2XmlOutputWriterTests" runstate="Runnable" seed="945750408" result="Passed" start-time="2016-05-25 12:38:21Z" end-time="2016-05-25 12:38:21Z" duration="0.000185" asserts="1" />
          <test-case id="1114" name="TestSuite_HasValidTimeAttribute" fullname="NUnitLite.Tests.NUnit2XmlOutputWriterTests.TestSuite_HasValidTimeAttribute" methodname="TestSuite_HasValidTimeAttribute" classname="NUnitLite.Tests.NUnit2XmlOutputWriterTests" runstate="Runnable" seed="2116759683" result="Failed" start-time="2016-05-25 12:38:21Z" end-time="2016-05-25 12:38:21Z" duration="0.002916" asserts="2">
            <failure>
              <message><![CDATA[  Invalid value for time
  Expected: True
  But was:  False
]]></message>
              <stack-trace><![CDATA[at NUnitLite.Tests.NUnit2XmlOutputWriterTests.TestSuite_HasValidTimeAttribute() in C:\Projects\GitHub\nunit\src\NUnitFramework\nunitlite.tests\NUnit2XmlOutputWriterTests.cs:line 218
]]></stack-trace>
            </failure>
          </test-case>
          <test-case id="1115" name="TestSuite_ResultIsFailure" fullname="NUnitLite.Tests.NUnit2XmlOutputWriterTests.TestSuite_ResultIsFailure" methodname="TestSuite_ResultIsFailure" classname="NUnitLite.Tests.NUnit2XmlOutputWriterTests" runstate="Runnable" seed="978527817" result="Passed" start-time="2016-05-25 12:38:21Z" end-time="2016-05-25 12:38:21Z" duration="0.000115" asserts="0" />
        </test-suite>
        <test-suite type="TestFixture" id="1124" name="TextUITests" fullname="NUnitLite.Tests.TextUITests" classname="NUnitLite.Tests.TextUITests" runstate="Runnable" testcasecount="13" result="Failed" site="Child" start-time="2016-05-25 12:38:21Z" end-time="2016-05-25 12:38:21Z" duration="0.088267" total="13" passed="11" failed="1" inconclusive="0" skipped="1" asserts="26">
          <failure>
            <message><![CDATA[One or more child tests had errors]]></message>
          </failure>
          <test-case id="1126" name="DisplayError" fullname="NUnitLite.Tests.TextUITests.DisplayError" methodname="DisplayError" classname="NUnitLite.Tests.TextUITests" runstate="Runnable" seed="1191428713" result="Passed" start-time="2016-05-25 12:38:21Z" end-time="2016-05-25 12:38:21Z" duration="0.000637" asserts="1" />
          <test-case id="1127" name="DisplayErrors" fullname="NUnitLite.Tests.TextUITests.DisplayErrors" methodname="DisplayErrors" classname="NUnitLite.Tests.TextUITests" runstate="Runnable" seed="1544011501" result="Passed" start-time="2016-05-25 12:38:21Z" end-time="2016-05-25 12:38:21Z" duration="0.000510" asserts="1" />
          <test-case id="1128" name="DisplayHeader" fullname="NUnitLite.Tests.TextUITests.DisplayHeader" methodname="DisplayHeader" classname="NUnitLite.Tests.TextUITests" runstate="Runnable" seed="1244446881" result="Passed" start-time="2016-05-25 12:38:21Z" end-time="2016-05-25 12:38:21Z" duration="0.001320" asserts="4" />
          <test-case id="1133" name="DisplayHelp" fullname="NUnitLite.Tests.TextUITests.DisplayHelp" methodname="DisplayHelp" classname="NUnitLite.Tests.TextUITests" runstate="Runnable" seed="977623042" result="Passed" start-time="2016-05-25 12:38:21Z" end-time="2016-05-25 12:38:21Z" duration="0.005017" asserts="1" />
          <test-case id="1130" name="DisplayRuntimeEnvironment" fullname="NUnitLite.Tests.TextUITests.DisplayRuntimeEnvironment" methodname="DisplayRuntimeEnvironment" classname="NUnitLite.Tests.TextUITests" runstate="Runnable" seed="887401202" result="Passed" start-time="2016-05-25 12:38:21Z" end-time="2016-05-25 12:38:21Z" duration="0.002136" asserts="4" />
          <test-case id="1129" name="DisplayTestFiles" fullname="NUnitLite.Tests.TextUITests.DisplayTestFiles" methodname="DisplayTestFiles" classname="NUnitLite.Tests.TextUITests" runstate="Runnable" seed="1466559234" result="Passed" start-time="2016-05-25 12:38:21Z" end-time="2016-05-25 12:38:21Z" duration="0.001005" asserts="1" />
          <test-case id="1125" name="DisplayWarning" fullname="NUnitLite.Tests.TextUITests.DisplayWarning" methodname="DisplayWarning" classname="NUnitLite.Tests.TextUITests" runstate="Runnable" seed="336204538" result="Passed" start-time="2016-05-25 12:38:21Z" end-time="2016-05-25 12:38:21Z" duration="0.000420" asserts="1" />
          <test-case id="1137" name="ErrorsAndFailuresReportTest" fullname="NUnitLite.Tests.TextUITests.ErrorsAndFailuresReportTest" methodname="ErrorsAndFailuresReportTest" classname="NUnitLite.Tests.TextUITests" runstate="Runnable" seed="1955133515" result="Passed" start-time="2016-05-25 12:38:21Z" end-time="2016-05-25 12:38:21Z" duration="0.004076" asserts="9" />
          <test-case id="1134" name="ReportSequenceTest" fullname="NUnitLite.Tests.TextUITests.ReportSequenceTest" methodname="ReportSequenceTest" classname="NUnitLite.Tests.TextUITests" runstate="Ignored" seed="2059052291" result="Skipped" label="Ignored" start-time="2016-05-25 12:38:21Z" end-time="2016-05-25 12:38:21Z" duration="0.000009" asserts="0">
            <properties>
              <property name="_SKIPREASON" value="Test needs modification" />
            </properties>
            <reason>
              <message><![CDATA[Test needs modification]]></message>
            </reason>
          </test-case>
          <test-case id="1136" name="SummaryReportTest" fullname="NUnitLite.Tests.TextUITests.SummaryReportTest" methodname="SummaryReportTest" classname="NUnitLite.Tests.TextUITests" runstate="Runnable" seed="767364114" result="Failed" start-time="2016-05-25 12:38:21Z" end-time="2016-05-25 12:38:21Z" duration="0.010010" asserts="1">
            <failure>
              <message><![CDATA[  Expected is <System.String[9]>, actual is <System.Collections.Generic.List`1[System.String]> with 9 elements
  Values differ at index [7]
  String lengths are both 27. Strings differ at index 15.
  Expected: "    Duration: 0.123 seconds"
  But was:  "    Duration: 0,123 seconds"
  --------------------------^
]]></message>
              <stack-trace><![CDATA[at NUnitLite.Tests.TextUITests.SummaryReportTest() in C:\Projects\GitHub\nunit\src\NUnitFramework\nunitlite.tests\TextUITests.cs:line 220
]]></stack-trace>
            </failure>
          </test-case>
          <test-case id="1131" name="TestFinished_NoOutput" fullname="NUnitLite.Tests.TextUITests.TestFinished_NoOutput" methodname="TestFinished_NoOutput" classname="NUnitLite.Tests.TextUITests" runstate="Runnable" seed="1255125285" result="Passed" start-time="2016-05-25 12:38:21Z" end-time="2016-05-25 12:38:21Z" duration="0.000303" asserts="1" />
          <test-case id="1132" name="TestFinished_WithOutput" fullname="NUnitLite.Tests.TextUITests.TestFinished_WithOutput" methodname="TestFinished_WithOutput" classname="NUnitLite.Tests.TextUITests" runstate="Runnable" seed="867736708" result="Passed" start-time="2016-05-25 12:38:21Z" end-time="2016-05-25 12:38:21Z" duration="0.000328" asserts="1" />
          <test-case id="1135" name="TestsNotRunTest" fullname="NUnitLite.Tests.TextUITests.TestsNotRunTest" methodname="TestsNotRunTest" classname="NUnitLite.Tests.TextUITests" runstate="Runnable" seed="63434969" result="Passed" start-time="2016-05-25 12:38:21Z" end-time="2016-05-25 12:38:21Z" duration="0.000735" asserts="1" />
        </test-suite>
      </test-suite>
    </test-suite>
  </test-suite>
</test-run>